This file contains any messages produced by compilers while
running configure, to aid debugging if configure makes a mistake.

It was created by fish configure 06a88e4-dirty, which was
generated by GNU Autoconf 2.69.  Invocation command line was

  $ ./configure 

## --------- ##
## Platform. ##
## --------- ##

hostname = pi3-gray
uname -m = armv7l
uname -r = 4.4.50-v7+
uname -s = Linux
uname -v = #970 SMP Mon Feb 20 19:18:29 GMT 2017

/usr/bin/uname -p = unknown
/bin/uname -X     = unknown

/bin/arch              = unknown
/usr/bin/arch -k       = unknown
/usr/convex/getsysinfo = unknown
/usr/bin/hostinfo      = unknown
/bin/machine           = unknown
/usr/bin/oslevel       = unknown
/bin/universe          = unknown

PATH: /usr/local/sbin
PATH: /usr/local/bin
PATH: /usr/sbin
PATH: /usr/bin
PATH: /sbin
PATH: /bin
PATH: /usr/local/games
PATH: /usr/games


## ----------- ##
## Core tests. ##
## ----------- ##

configure:2560: checking if autoreconf needs to be run
configure:2582: result: no
configure:2594: checking if autoheader needs to be run
configure:2610: result: no
configure:2673: checking for gcc
configure:2689: found /usr/bin/gcc
configure:2700: result: gcc
configure:2929: checking for C compiler version
configure:2938: gcc --version >&5
gcc (Raspbian 4.9.2-10) 4.9.2
Copyright (C) 2014 Free Software Foundation, Inc.
This is free software; see the source for copying conditions.  There is NO
warranty; not even for MERCHANTABILITY or FITNESS FOR A PARTICULAR PURPOSE.

configure:2949: $? = 0
configure:2938: gcc -v >&5
Using built-in specs.
COLLECT_GCC=gcc
COLLECT_LTO_WRAPPER=/usr/lib/gcc/arm-linux-gnueabihf/4.9/lto-wrapper
Target: arm-linux-gnueabihf
Configured with: ../src/configure -v --with-pkgversion='Raspbian 4.9.2-10' --with-bugurl=file:///usr/share/doc/gcc-4.9/README.Bugs --enable-languages=c,c++,java,go,d,fortran,objc,obj-c++ --prefix=/usr --program-suffix=-4.9 --enable-shared --enable-linker-build-id --libexecdir=/usr/lib --without-included-gettext --enable-threads=posix --with-gxx-include-dir=/usr/include/c++/4.9 --libdir=/usr/lib --enable-nls --with-sysroot=/ --enable-clocale=gnu --enable-libstdcxx-debug --enable-libstdcxx-time=yes --enable-gnu-unique-object --disable-libitm --disable-libquadmath --enable-plugin --with-system-zlib --disable-browser-plugin --enable-java-awt=gtk --enable-gtk-cairo --with-java-home=/usr/lib/jvm/java-1.5.0-gcj-4.9-armhf/jre --enable-java-home --with-jvm-root-dir=/usr/lib/jvm/java-1.5.0-gcj-4.9-armhf --with-jvm-jar-dir=/usr/lib/jvm-exports/java-1.5.0-gcj-4.9-armhf --with-arch-directory=arm --with-ecj-jar=/usr/share/java/eclipse-ecj.jar --enable-objc-gc --enable-multiarch --disable-sjlj-exceptions --with-arch=armv6 --with-fpu=vfp --with-float=hard --enable-checking=release --build=arm-linux-gnueabihf --host=arm-linux-gnueabihf --target=arm-linux-gnueabihf
Thread model: posix
gcc version 4.9.2 (Raspbian 4.9.2-10) 
configure:2949: $? = 0
configure:2938: gcc -V >&5
gcc: error: unrecognized command line option '-V'
gcc: fatal error: no input files
compilation terminated.
configure:2949: $? = 4
configure:2938: gcc -qversion >&5
gcc: error: unrecognized command line option '-qversion'
gcc: fatal error: no input files
compilation terminated.
configure:2949: $? = 4
configure:2969: checking whether the C compiler works
configure:2991: gcc    conftest.c  >&5
configure:2995: $? = 0
configure:3043: result: yes
configure:3046: checking for C compiler default output file name
configure:3048: result: a.out
configure:3054: checking for suffix of executables
configure:3061: gcc -o conftest    conftest.c  >&5
configure:3065: $? = 0
configure:3087: result: 
configure:3109: checking whether we are cross compiling
configure:3117: gcc -o conftest    conftest.c  >&5
configure:3121: $? = 0
configure:3128: ./conftest
configure:3132: $? = 0
configure:3147: result: no
configure:3152: checking for suffix of object files
configure:3174: gcc -c   conftest.c >&5
configure:3178: $? = 0
configure:3199: result: o
configure:3203: checking whether we are using the GNU C compiler
configure:3222: gcc -c   conftest.c >&5
configure:3222: $? = 0
configure:3231: result: yes
configure:3240: checking whether gcc accepts -g
configure:3260: gcc -c -g  conftest.c >&5
configure:3260: $? = 0
configure:3301: result: yes
configure:3318: checking for gcc option to accept ISO C89
configure:3381: gcc  -c -g -O2  conftest.c >&5
configure:3381: $? = 0
configure:3394: result: none needed
configure:3418: checking for gcc option to accept ISO C99
configure:3567: gcc  -c -g -O2  conftest.c >&5
conftest.c:59:29: error: expected ';', ',' or ')' before 'text'
 test_restrict (ccp restrict text)
                             ^
conftest.c: In function 'main':
conftest.c:113:18: error: expected '=', ',', ';', 'asm' or '__attribute__' before 'newvar'
   char *restrict newvar = "Another string";
                  ^
conftest.c:113:18: error: 'newvar' undeclared (first use in this function)
conftest.c:113:18: note: each undeclared identifier is reported only once for each function it appears in
conftest.c:123:3: error: 'for' loop initial declarations are only allowed in C99 or C11 mode
   for (int i = 0; i < ia->datasize; ++i)
   ^
conftest.c:123:3: note: use option -std=c99, -std=gnu99, -std=c11 or -std=gnu11 to compile your code
configure:3567: $? = 1
configure: failed program was:
| /* confdefs.h */
| #define PACKAGE_NAME "fish"
| #define PACKAGE_TARNAME "fish"
| #define PACKAGE_VERSION "06a88e4-dirty"
| #define PACKAGE_STRING "fish 06a88e4-dirty"
| #define PACKAGE_BUGREPORT "fish-users@lists.sourceforge.net"
| #define PACKAGE_URL ""
| /* end confdefs.h.  */
| #include <stdarg.h>
| #include <stdbool.h>
| #include <stdlib.h>
| #include <wchar.h>
| #include <stdio.h>
| 
| // Check varargs macros.  These examples are taken from C99 6.10.3.5.
| #define debug(...) fprintf (stderr, __VA_ARGS__)
| #define showlist(...) puts (#__VA_ARGS__)
| #define report(test,...) ((test) ? puts (#test) : printf (__VA_ARGS__))
| static void
| test_varargs_macros (void)
| {
|   int x = 1234;
|   int y = 5678;
|   debug ("Flag");
|   debug ("X = %d\n", x);
|   showlist (The first, second, and third items.);
|   report (x>y, "x is %d but y is %d", x, y);
| }
| 
| // Check long long types.
| #define BIG64 18446744073709551615ull
| #define BIG32 4294967295ul
| #define BIG_OK (BIG64 / BIG32 == 4294967297ull && BIG64 % BIG32 == 0)
| #if !BIG_OK
|   your preprocessor is broken;
| #endif
| #if BIG_OK
| #else
|   your preprocessor is broken;
| #endif
| static long long int bignum = -9223372036854775807LL;
| static unsigned long long int ubignum = BIG64;
| 
| struct incomplete_array
| {
|   int datasize;
|   double data[];
| };
| 
| struct named_init {
|   int number;
|   const wchar_t *name;
|   double average;
| };
| 
| typedef const char *ccp;
| 
| static inline int
| test_restrict (ccp restrict text)
| {
|   // See if C++-style comments work.
|   // Iterate through items via the restricted pointer.
|   // Also check for declarations in for loops.
|   for (unsigned int i = 0; *(text+i) != '\0'; ++i)
|     continue;
|   return 0;
| }
| 
| // Check varargs and va_copy.
| static void
| test_varargs (const char *format, ...)
| {
|   va_list args;
|   va_start (args, format);
|   va_list args_copy;
|   va_copy (args_copy, args);
| 
|   const char *str;
|   int number;
|   float fnumber;
| 
|   while (*format)
|     {
|       switch (*format++)
| 	{
| 	case 's': // string
| 	  str = va_arg (args_copy, const char *);
| 	  break;
| 	case 'd': // int
| 	  number = va_arg (args_copy, int);
| 	  break;
| 	case 'f': // float
| 	  fnumber = va_arg (args_copy, double);
| 	  break;
| 	default:
| 	  break;
| 	}
|     }
|   va_end (args_copy);
|   va_end (args);
| }
| 
| int
| main ()
| {
| 
|   // Check bool.
|   _Bool success = false;
| 
|   // Check restrict.
|   if (test_restrict ("String literal") == 0)
|     success = true;
|   char *restrict newvar = "Another string";
| 
|   // Check varargs.
|   test_varargs ("s, d' f .", "string", 65, 34.234);
|   test_varargs_macros ();
| 
|   // Check flexible array members.
|   struct incomplete_array *ia =
|     malloc (sizeof (struct incomplete_array) + (sizeof (double) * 10));
|   ia->datasize = 10;
|   for (int i = 0; i < ia->datasize; ++i)
|     ia->data[i] = i * 1.234;
| 
|   // Check named initializers.
|   struct named_init ni = {
|     .number = 34,
|     .name = L"Test wide string",
|     .average = 543.34343,
|   };
| 
|   ni.number = 58;
| 
|   int dynamic_array[ni.number];
|   dynamic_array[ni.number - 1] = 543;
| 
|   // work around unused variable warnings
|   return (!success || bignum == 0LL || ubignum == 0uLL || newvar[0] == 'x'
| 	  || dynamic_array[ni.number - 1] != 543);
| 
|   ;
|   return 0;
| }
configure:3567: gcc -std=gnu99 -c -g -O2  conftest.c >&5
configure:3567: $? = 0
configure:3587: result: -std=gnu99
configure:3688: checking for gcc -std=gnu99 option to accept ISO Standard C
configure:3702: result: -std=gnu99
configure:3764: checking for g++
configure:3780: found /usr/bin/g++
configure:3791: result: g++
configure:3818: checking for C++ compiler version
configure:3827: g++ --version >&5
g++ (Raspbian 4.9.2-10) 4.9.2
Copyright (C) 2014 Free Software Foundation, Inc.
This is free software; see the source for copying conditions.  There is NO
warranty; not even for MERCHANTABILITY or FITNESS FOR A PARTICULAR PURPOSE.

configure:3838: $? = 0
configure:3827: g++ -v >&5
Using built-in specs.
COLLECT_GCC=g++
COLLECT_LTO_WRAPPER=/usr/lib/gcc/arm-linux-gnueabihf/4.9/lto-wrapper
Target: arm-linux-gnueabihf
Configured with: ../src/configure -v --with-pkgversion='Raspbian 4.9.2-10' --with-bugurl=file:///usr/share/doc/gcc-4.9/README.Bugs --enable-languages=c,c++,java,go,d,fortran,objc,obj-c++ --prefix=/usr --program-suffix=-4.9 --enable-shared --enable-linker-build-id --libexecdir=/usr/lib --without-included-gettext --enable-threads=posix --with-gxx-include-dir=/usr/include/c++/4.9 --libdir=/usr/lib --enable-nls --with-sysroot=/ --enable-clocale=gnu --enable-libstdcxx-debug --enable-libstdcxx-time=yes --enable-gnu-unique-object --disable-libitm --disable-libquadmath --enable-plugin --with-system-zlib --disable-browser-plugin --enable-java-awt=gtk --enable-gtk-cairo --with-java-home=/usr/lib/jvm/java-1.5.0-gcj-4.9-armhf/jre --enable-java-home --with-jvm-root-dir=/usr/lib/jvm/java-1.5.0-gcj-4.9-armhf --with-jvm-jar-dir=/usr/lib/jvm-exports/java-1.5.0-gcj-4.9-armhf --with-arch-directory=arm --with-ecj-jar=/usr/share/java/eclipse-ecj.jar --enable-objc-gc --enable-multiarch --disable-sjlj-exceptions --with-arch=armv6 --with-fpu=vfp --with-float=hard --enable-checking=release --build=arm-linux-gnueabihf --host=arm-linux-gnueabihf --target=arm-linux-gnueabihf
Thread model: posix
gcc version 4.9.2 (Raspbian 4.9.2-10) 
configure:3838: $? = 0
configure:3827: g++ -V >&5
g++: error: unrecognized command line option '-V'
g++: fatal error: no input files
compilation terminated.
configure:3838: $? = 4
configure:3827: g++ -qversion >&5
g++: error: unrecognized command line option '-qversion'
g++: fatal error: no input files
compilation terminated.
configure:3838: $? = 4
configure:3842: checking whether we are using the GNU C++ compiler
configure:3861: g++ -c   conftest.cpp >&5
configure:3861: $? = 0
configure:3870: result: yes
configure:3879: checking whether g++ accepts -g
configure:3899: g++ -c -g  conftest.cpp >&5
configure:3899: $? = 0
configure:3940: result: yes
configure:4012: checking for a BSD-compatible install
configure:4080: result: /usr/bin/install -c
configure:4091: checking whether ln -s works
configure:4095: result: yes
configure:4102: checking for a thread-safe mkdir -p
configure:4141: result: /bin/mkdir -p
configure:4148: checking for gawk
configure:4178: result: no
configure:4148: checking for mawk
configure:4164: found /usr/bin/mawk
configure:4175: result: mawk
configure:4186: checking for grep that handles long lines and -e
configure:4244: result: /bin/grep
configure:4249: checking for fgrep
configure:4311: result: /bin/grep -F
configure:4316: checking for a sed that does not truncate output
configure:4380: result: /bin/sed
configure:4391: checking how to run the C++ preprocessor
configure:4418: g++ -E  conftest.cpp
configure:4418: $? = 0
configure:4432: g++ -E  conftest.cpp
conftest.cpp:9:28: fatal error: ac_nonexistent.h: No such file or directory
 #include <ac_nonexistent.h>
                            ^
compilation terminated.
configure:4432: $? = 1
configure: failed program was:
| /* confdefs.h */
| #define PACKAGE_NAME "fish"
| #define PACKAGE_TARNAME "fish"
| #define PACKAGE_VERSION "06a88e4-dirty"
| #define PACKAGE_STRING "fish 06a88e4-dirty"
| #define PACKAGE_BUGREPORT "fish-users@lists.sourceforge.net"
| #define PACKAGE_URL ""
| /* end confdefs.h.  */
| #include <ac_nonexistent.h>
configure:4457: result: g++ -E
configure:4477: g++ -E  conftest.cpp
configure:4477: $? = 0
configure:4491: g++ -E  conftest.cpp
conftest.cpp:9:28: fatal error: ac_nonexistent.h: No such file or directory
 #include <ac_nonexistent.h>
                            ^
compilation terminated.
configure:4491: $? = 1
configure: failed program was:
| /* confdefs.h */
| #define PACKAGE_NAME "fish"
| #define PACKAGE_TARNAME "fish"
| #define PACKAGE_VERSION "06a88e4-dirty"
| #define PACKAGE_STRING "fish 06a88e4-dirty"
| #define PACKAGE_BUGREPORT "fish-users@lists.sourceforge.net"
| #define PACKAGE_URL ""
| /* end confdefs.h.  */
| #include <ac_nonexistent.h>
configure:4520: checking for egrep
configure:4582: result: /bin/grep -E
configure:4587: checking for ANSI C header files
configure:4607: g++ -c -g -O2  conftest.cpp >&5
configure:4607: $? = 0
configure:4680: g++ -o conftest -g -O2   conftest.cpp  >&5
configure:4680: $? = 0
configure:4680: ./conftest
configure:4680: $? = 0
configure:4691: result: yes
configure:4704: checking for sys/types.h
configure:4704: g++ -c -g -O2  conftest.cpp >&5
configure:4704: $? = 0
configure:4704: result: yes
configure:4704: checking for sys/stat.h
configure:4704: g++ -c -g -O2  conftest.cpp >&5
configure:4704: $? = 0
configure:4704: result: yes
configure:4704: checking for stdlib.h
configure:4704: g++ -c -g -O2  conftest.cpp >&5
configure:4704: $? = 0
configure:4704: result: yes
configure:4704: checking for string.h
configure:4704: g++ -c -g -O2  conftest.cpp >&5
configure:4704: $? = 0
configure:4704: result: yes
configure:4704: checking for memory.h
configure:4704: g++ -c -g -O2  conftest.cpp >&5
configure:4704: $? = 0
configure:4704: result: yes
configure:4704: checking for strings.h
configure:4704: g++ -c -g -O2  conftest.cpp >&5
configure:4704: $? = 0
configure:4704: result: yes
configure:4704: checking for inttypes.h
configure:4704: g++ -c -g -O2  conftest.cpp >&5
configure:4704: $? = 0
configure:4704: result: yes
configure:4704: checking for stdint.h
configure:4704: g++ -c -g -O2  conftest.cpp >&5
configure:4704: $? = 0
configure:4704: result: yes
configure:4704: checking for unistd.h
configure:4704: g++ -c -g -O2  conftest.cpp >&5
configure:4704: $? = 0
configure:4704: result: yes
configure:4717: checking minix/config.h usability
configure:4717: g++ -c -g -O2  conftest.cpp >&5
conftest.cpp:52:26: fatal error: minix/config.h: No such file or directory
 #include <minix/config.h>
                          ^
compilation terminated.
configure:4717: $? = 1
configure: failed program was:
| /* confdefs.h */
| #define PACKAGE_NAME "fish"
| #define PACKAGE_TARNAME "fish"
| #define PACKAGE_VERSION "06a88e4-dirty"
| #define PACKAGE_STRING "fish 06a88e4-dirty"
| #define PACKAGE_BUGREPORT "fish-users@lists.sourceforge.net"
| #define PACKAGE_URL ""
| #define STDC_HEADERS 1
| #define HAVE_SYS_TYPES_H 1
| #define HAVE_SYS_STAT_H 1
| #define HAVE_STDLIB_H 1
| #define HAVE_STRING_H 1
| #define HAVE_MEMORY_H 1
| #define HAVE_STRINGS_H 1
| #define HAVE_INTTYPES_H 1
| #define HAVE_STDINT_H 1
| #define HAVE_UNISTD_H 1
| /* end confdefs.h.  */
| #include <stdio.h>
| #ifdef HAVE_SYS_TYPES_H
| # include <sys/types.h>
| #endif
| #ifdef HAVE_SYS_STAT_H
| # include <sys/stat.h>
| #endif
| #ifdef STDC_HEADERS
| # include <stdlib.h>
| # include <stddef.h>
| #else
| # ifdef HAVE_STDLIB_H
| #  include <stdlib.h>
| # endif
| #endif
| #ifdef HAVE_STRING_H
| # if !defined STDC_HEADERS && defined HAVE_MEMORY_H
| #  include <memory.h>
| # endif
| # include <string.h>
| #endif
| #ifdef HAVE_STRINGS_H
| # include <strings.h>
| #endif
| #ifdef HAVE_INTTYPES_H
| # include <inttypes.h>
| #endif
| #ifdef HAVE_STDINT_H
| # include <stdint.h>
| #endif
| #ifdef HAVE_UNISTD_H
| # include <unistd.h>
| #endif
| #include <minix/config.h>
configure:4717: result: no
configure:4717: checking minix/config.h presence
configure:4717: g++ -E  conftest.cpp
conftest.cpp:19:26: fatal error: minix/config.h: No such file or directory
 #include <minix/config.h>
                          ^
compilation terminated.
configure:4717: $? = 1
configure: failed program was:
| /* confdefs.h */
| #define PACKAGE_NAME "fish"
| #define PACKAGE_TARNAME "fish"
| #define PACKAGE_VERSION "06a88e4-dirty"
| #define PACKAGE_STRING "fish 06a88e4-dirty"
| #define PACKAGE_BUGREPORT "fish-users@lists.sourceforge.net"
| #define PACKAGE_URL ""
| #define STDC_HEADERS 1
| #define HAVE_SYS_TYPES_H 1
| #define HAVE_SYS_STAT_H 1
| #define HAVE_STDLIB_H 1
| #define HAVE_STRING_H 1
| #define HAVE_MEMORY_H 1
| #define HAVE_STRINGS_H 1
| #define HAVE_INTTYPES_H 1
| #define HAVE_STDINT_H 1
| #define HAVE_UNISTD_H 1
| /* end confdefs.h.  */
| #include <minix/config.h>
configure:4717: result: no
configure:4717: checking for minix/config.h
configure:4717: result: no
configure:4738: checking whether it is safe to define __EXTENSIONS__
configure:4756: g++ -c -g -O2  conftest.cpp >&5
configure:4756: $? = 0
configure:4763: result: yes
configure:4784: checking whether g++ supports C++11 features by default
configure:5078: g++ -c -g -O2  conftest.cpp >&5
conftest.cpp:35:2: error: #error "This is not a C++11 compiler"
 #error "This is not a C++11 compiler"
  ^
configure:5078: $? = 1
configure: failed program was:
| /* confdefs.h */
| #define PACKAGE_NAME "fish"
| #define PACKAGE_TARNAME "fish"
| #define PACKAGE_VERSION "06a88e4-dirty"
| #define PACKAGE_STRING "fish 06a88e4-dirty"
| #define PACKAGE_BUGREPORT "fish-users@lists.sourceforge.net"
| #define PACKAGE_URL ""
| #define STDC_HEADERS 1
| #define HAVE_SYS_TYPES_H 1
| #define HAVE_SYS_STAT_H 1
| #define HAVE_STDLIB_H 1
| #define HAVE_STRING_H 1
| #define HAVE_MEMORY_H 1
| #define HAVE_STRINGS_H 1
| #define HAVE_INTTYPES_H 1
| #define HAVE_STDINT_H 1
| #define HAVE_UNISTD_H 1
| #define __EXTENSIONS__ 1
| #define _ALL_SOURCE 1
| #define _GNU_SOURCE 1
| #define _POSIX_PTHREAD_SEMANTICS 1
| #define _TANDEM_SOURCE 1
| /* end confdefs.h.  */
| 
| 
| // If the compiler admits that it is not ready for C++11, why torture it?
| // Hopefully, this will speed up the test.
| 
| #ifndef __cplusplus
| 
| #error "This is not a C++ compiler"
| 
| #elif __cplusplus < 201103L
| 
| #error "This is not a C++11 compiler"
| 
| #else
| 
| namespace cxx11
| {
| 
|   namespace test_static_assert
|   {
| 
|     template <typename T>
|     struct check
|     {
|       static_assert(sizeof(int) <= sizeof(T), "not big enough");
|     };
| 
|   }
| 
|   namespace test_final_override
|   {
| 
|     struct Base
|     {
|       virtual void f() {}
|     };
| 
|     struct Derived : public Base
|     {
|       virtual void f() override {}
|     };
| 
|   }
| 
|   namespace test_double_right_angle_brackets
|   {
| 
|     template < typename T >
|     struct check {};
| 
|     typedef check<void> single_type;
|     typedef check<check<void>> double_type;
|     typedef check<check<check<void>>> triple_type;
|     typedef check<check<check<check<void>>>> quadruple_type;
| 
|   }
| 
|   namespace test_decltype
|   {
| 
|     int
|     f()
|     {
|       int a = 1;
|       decltype(a) b = 2;
|       return a + b;
|     }
| 
|   }
| 
|   namespace test_type_deduction
|   {
| 
|     template < typename T1, typename T2 >
|     struct is_same
|     {
|       static const bool value = false;
|     };
| 
|     template < typename T >
|     struct is_same<T, T>
|     {
|       static const bool value = true;
|     };
| 
|     template < typename T1, typename T2 >
|     auto
|     add(T1 a1, T2 a2) -> decltype(a1 + a2)
|     {
|       return a1 + a2;
|     }
| 
|     int
|     test(const int c, volatile int v)
|     {
|       static_assert(is_same<int, decltype(0)>::value == true, "");
|       static_assert(is_same<int, decltype(c)>::value == false, "");
|       static_assert(is_same<int, decltype(v)>::value == false, "");
|       auto ac = c;
|       auto av = v;
|       auto sumi = ac + av + 'x';
|       auto sumf = ac + av + 1.0;
|       static_assert(is_same<int, decltype(ac)>::value == true, "");
|       static_assert(is_same<int, decltype(av)>::value == true, "");
|       static_assert(is_same<int, decltype(sumi)>::value == true, "");
|       static_assert(is_same<int, decltype(sumf)>::value == false, "");
|       static_assert(is_same<int, decltype(add(c, v))>::value == true, "");
|       return (sumf > 0.0) ? sumi : add(c, v);
|     }
| 
|   }
| 
|   namespace test_noexcept
|   {
| 
|     int f() { return 0; }
|     int g() noexcept { return 0; }
| 
|     static_assert(noexcept(f()) == false, "");
|     static_assert(noexcept(g()) == true, "");
| 
|   }
| 
|   namespace test_constexpr
|   {
| 
|     template < typename CharT >
|     unsigned long constexpr
|     strlen_c_r(const CharT *const s, const unsigned long acc) noexcept
|     {
|       return *s ? strlen_c_r(s + 1, acc + 1) : acc;
|     }
| 
|     template < typename CharT >
|     unsigned long constexpr
|     strlen_c(const CharT *const s) noexcept
|     {
|       return strlen_c_r(s, 0UL);
|     }
| 
|     static_assert(strlen_c("") == 0UL, "");
|     static_assert(strlen_c("1") == 1UL, "");
|     static_assert(strlen_c("example") == 7UL, "");
|     static_assert(strlen_c("another\0example") == 7UL, "");
| 
|   }
| 
|   namespace test_rvalue_references
|   {
| 
|     template < int N >
|     struct answer
|     {
|       static constexpr int value = N;
|     };
| 
|     answer<1> f(int&)       { return answer<1>(); }
|     answer<2> f(const int&) { return answer<2>(); }
|     answer<3> f(int&&)      { return answer<3>(); }
| 
|     void
|     test()
|     {
|       int i = 0;
|       const int c = 0;
|       static_assert(decltype(f(i))::value == 1, "");
|       static_assert(decltype(f(c))::value == 2, "");
|       static_assert(decltype(f(0))::value == 3, "");
|     }
| 
|   }
| 
|   namespace test_uniform_initialization
|   {
| 
|     struct test
|     {
|       static const int zero {};
|       static const int one {1};
|     };
| 
|     static_assert(test::zero == 0, "");
|     static_assert(test::one == 1, "");
| 
|   }
| 
|   namespace test_lambdas
|   {
| 
|     void
|     test1()
|     {
|       auto lambda1 = [](){};
|       auto lambda2 = lambda1;
|       lambda1();
|       lambda2();
|     }
| 
|     int
|     test2()
|     {
|       auto a = [](int i, int j){ return i + j; }(1, 2);
|       auto b = []() -> int { return '0'; }();
|       auto c = [=](){ return a + b; }();
|       auto d = [&](){ return c; }();
|       auto e = [a, &b](int x) mutable {
|         const auto identity = [](int y){ return y; };
|         for (auto i = 0; i < a; ++i)
|           a += b--;
|         return x + identity(a + b);
|       }(0);
|       return a + b + c + d + e;
|     }
| 
|     int
|     test3()
|     {
|       const auto nullary = [](){ return 0; };
|       const auto unary = [](int x){ return x; };
|       using nullary_t = decltype(nullary);
|       using unary_t = decltype(unary);
|       const auto higher1st = [](nullary_t f){ return f(); };
|       const auto higher2nd = [unary](nullary_t f1){
|         return [unary, f1](unary_t f2){ return f2(unary(f1())); };
|       };
|       return higher1st(nullary) + higher2nd(nullary)(unary);
|     }
| 
|   }
| 
|   namespace test_variadic_templates
|   {
| 
|     template <int...>
|     struct sum;
| 
|     template <int N0, int... N1toN>
|     struct sum<N0, N1toN...>
|     {
|       static constexpr auto value = N0 + sum<N1toN...>::value;
|     };
| 
|     template <>
|     struct sum<>
|     {
|       static constexpr auto value = 0;
|     };
| 
|     static_assert(sum<>::value == 0, "");
|     static_assert(sum<1>::value == 1, "");
|     static_assert(sum<23>::value == 23, "");
|     static_assert(sum<1, 2>::value == 3, "");
|     static_assert(sum<5, 5, 11>::value == 21, "");
|     static_assert(sum<2, 3, 5, 7, 11, 13>::value == 41, "");
| 
|   }
| 
|   // http://stackoverflow.com/questions/13728184/template-aliases-and-sfinae
|   // Clang 3.1 fails with headers of libstd++ 4.8.3 when using std::function
|   // because of this.
|   namespace test_template_alias_sfinae
|   {
| 
|     struct foo {};
| 
|     template<typename T>
|     using member = typename T::member_type;
| 
|     template<typename T>
|     void func(...) {}
| 
|     template<typename T>
|     void func(member<T>*) {}
| 
|     void test();
| 
|     void test() { func<foo>(0); }
| 
|   }
| 
| }  // namespace cxx11
| 
| #endif  // __cplusplus >= 201103L
| 
| 
| 
configure:5085: result: no
configure:5096: checking whether g++ supports C++11 features with -std=c++11
configure:5392: g++ -std=c++11 -c -g -O2  conftest.cpp >&5
configure:5392: $? = 0
configure:5401: result: yes
configure:5446: checking build system type
configure:5460: result: armv7l-unknown-linux-gnueabihf
configure:5480: checking host system type
configure:5493: result: armv7l-unknown-linux-gnueabihf
configure:5542: checking for msgfmt
configure:5558: found /usr/bin/msgfmt
configure:5569: result: msgfmt
configure:5618: checking for doxygen
configure:5648: result: no
configure:5710: checking for special C compiler options needed for large files
configure:5755: result: no
configure:5761: checking for _FILE_OFFSET_BITS value needed for large files
configure:5786: g++ -std=c++11 -c -g -O2  conftest.cpp >&5
conftest.cpp:34:17: error: size of array 'off_t_is_large' is negative
         ? 1 : -1];
                 ^
configure:5786: $? = 1
configure: failed program was:
| /* confdefs.h */
| #define PACKAGE_NAME "fish"
| #define PACKAGE_TARNAME "fish"
| #define PACKAGE_VERSION "06a88e4-dirty"
| #define PACKAGE_STRING "fish 06a88e4-dirty"
| #define PACKAGE_BUGREPORT "fish-users@lists.sourceforge.net"
| #define PACKAGE_URL ""
| #define STDC_HEADERS 1
| #define HAVE_SYS_TYPES_H 1
| #define HAVE_SYS_STAT_H 1
| #define HAVE_STDLIB_H 1
| #define HAVE_STRING_H 1
| #define HAVE_MEMORY_H 1
| #define HAVE_STRINGS_H 1
| #define HAVE_INTTYPES_H 1
| #define HAVE_STDINT_H 1
| #define HAVE_UNISTD_H 1
| #define __EXTENSIONS__ 1
| #define _ALL_SOURCE 1
| #define _GNU_SOURCE 1
| #define _POSIX_PTHREAD_SEMANTICS 1
| #define _TANDEM_SOURCE 1
| #define HAVE_CXX11 1
| #define USE_GETTEXT 1
| /* end confdefs.h.  */
| #include <sys/types.h>
|  /* Check that off_t can represent 2**63 - 1 correctly.
|     We can't simply define LARGE_OFF_T to be 9223372036854775807,
|     since some C++ compilers masquerading as C compilers
|     incorrectly reject 9223372036854775807.  */
| #define LARGE_OFF_T ((((off_t) 1 << 31) << 31) - 1 + (((off_t) 1 << 31) << 31))
|   int off_t_is_large[(LARGE_OFF_T % 2147483629 == 721
| 		       && LARGE_OFF_T % 2147483647 == 1)
| 		      ? 1 : -1];
| int
| main ()
| {
| 
|   ;
|   return 0;
| }
configure:5810: g++ -std=c++11 -c -g -O2  conftest.cpp >&5
configure:5810: $? = 0
configure:5818: result: 64
configure:5920: checking for -rdynamic linker flag
configure:5935: g++ -std=c++11 -o conftest -g -O2 -fno-exceptions -Wextra   -rdynamic conftest.cpp  >&5
configure:5935: $? = 0
configure:5937: result: yes
configure:5957: checking for /proc/self/stat
configure:5970: result: yes
configure:6006: checking for library containing nanosleep
configure:6037: g++ -std=c++11 -o conftest -g -O2 -fno-exceptions -Wextra   conftest.cpp  >&5
configure:6037: $? = 0
configure:6054: result: none required
configure:6064: checking for library containing shm_open
configure:6095: g++ -std=c++11 -o conftest -g -O2 -fno-exceptions -Wextra   conftest.cpp  >&5
/tmp/ccfDzawn.o: In function `main':
/home/pi/rpi_bins/fish-shell/conftest.cpp:41: undefined reference to `shm_open'
collect2: error: ld returned 1 exit status
configure:6095: $? = 1
configure: failed program was:
| /* confdefs.h */
| #define PACKAGE_NAME "fish"
| #define PACKAGE_TARNAME "fish"
| #define PACKAGE_VERSION "06a88e4-dirty"
| #define PACKAGE_STRING "fish 06a88e4-dirty"
| #define PACKAGE_BUGREPORT "fish-users@lists.sourceforge.net"
| #define PACKAGE_URL ""
| #define STDC_HEADERS 1
| #define HAVE_SYS_TYPES_H 1
| #define HAVE_SYS_STAT_H 1
| #define HAVE_STDLIB_H 1
| #define HAVE_STRING_H 1
| #define HAVE_MEMORY_H 1
| #define HAVE_STRINGS_H 1
| #define HAVE_INTTYPES_H 1
| #define HAVE_STDINT_H 1
| #define HAVE_UNISTD_H 1
| #define __EXTENSIONS__ 1
| #define _ALL_SOURCE 1
| #define _GNU_SOURCE 1
| #define _POSIX_PTHREAD_SEMANTICS 1
| #define _TANDEM_SOURCE 1
| #define HAVE_CXX11 1
| #define USE_GETTEXT 1
| #define _FILE_OFFSET_BITS 64
| #define HAVE__PROC_SELF_STAT 1
| #define NCURSES_NOMACROS 1
| #define NOMACROS 1
| /* end confdefs.h.  */
| 
| /* Override any GCC internal prototype to avoid an error.
|    Use char because int might match the return type of a GCC
|    builtin and then its argument prototype would still apply.  */
| #ifdef __cplusplus
| extern "C"
| #endif
| char shm_open ();
| int
| main ()
| {
| return shm_open ();
|   ;
|   return 0;
| }
configure:6095: g++ -std=c++11 -o conftest -g -O2 -fno-exceptions -Wextra   conftest.cpp -lrt   >&5
configure:6095: $? = 0
configure:6112: result: -lrt
configure:6122: checking for library containing pthread_create
configure:6153: g++ -std=c++11 -o conftest -g -O2 -fno-exceptions -Wextra   conftest.cpp -lrt  >&5
/usr/bin/ld: /tmp/cc0oACe7.o: undefined reference to symbol 'pthread_create@@GLIBC_2.4'
//lib/arm-linux-gnueabihf/libpthread.so.0: error adding symbols: DSO missing from command line
collect2: error: ld returned 1 exit status
configure:6153: $? = 1
configure: failed program was:
| /* confdefs.h */
| #define PACKAGE_NAME "fish"
| #define PACKAGE_TARNAME "fish"
| #define PACKAGE_VERSION "06a88e4-dirty"
| #define PACKAGE_STRING "fish 06a88e4-dirty"
| #define PACKAGE_BUGREPORT "fish-users@lists.sourceforge.net"
| #define PACKAGE_URL ""
| #define STDC_HEADERS 1
| #define HAVE_SYS_TYPES_H 1
| #define HAVE_SYS_STAT_H 1
| #define HAVE_STDLIB_H 1
| #define HAVE_STRING_H 1
| #define HAVE_MEMORY_H 1
| #define HAVE_STRINGS_H 1
| #define HAVE_INTTYPES_H 1
| #define HAVE_STDINT_H 1
| #define HAVE_UNISTD_H 1
| #define __EXTENSIONS__ 1
| #define _ALL_SOURCE 1
| #define _GNU_SOURCE 1
| #define _POSIX_PTHREAD_SEMANTICS 1
| #define _TANDEM_SOURCE 1
| #define HAVE_CXX11 1
| #define USE_GETTEXT 1
| #define _FILE_OFFSET_BITS 64
| #define HAVE__PROC_SELF_STAT 1
| #define NCURSES_NOMACROS 1
| #define NOMACROS 1
| #define HAVE_SHM_OPEN 1
| /* end confdefs.h.  */
| 
| /* Override any GCC internal prototype to avoid an error.
|    Use char because int might match the return type of a GCC
|    builtin and then its argument prototype would still apply.  */
| #ifdef __cplusplus
| extern "C"
| #endif
| char pthread_create ();
| int
| main ()
| {
| return pthread_create ();
|   ;
|   return 0;
| }
configure:6153: g++ -std=c++11 -o conftest -g -O2 -fno-exceptions -Wextra   conftest.cpp -lpthread  -lrt  >&5
configure:6153: $? = 0
configure:6170: result: -lpthread
configure:6180: checking for library containing setupterm
configure:6211: g++ -std=c++11 -o conftest -g -O2 -fno-exceptions -Wextra   conftest.cpp -lpthread -lrt  >&5
/tmp/ccCrGDuo.o: In function `main':
/home/pi/rpi_bins/fish-shell/conftest.cpp:42: undefined reference to `setupterm'
collect2: error: ld returned 1 exit status
configure:6211: $? = 1
configure: failed program was:
| /* confdefs.h */
| #define PACKAGE_NAME "fish"
| #define PACKAGE_TARNAME "fish"
| #define PACKAGE_VERSION "06a88e4-dirty"
| #define PACKAGE_STRING "fish 06a88e4-dirty"
| #define PACKAGE_BUGREPORT "fish-users@lists.sourceforge.net"
| #define PACKAGE_URL ""
| #define STDC_HEADERS 1
| #define HAVE_SYS_TYPES_H 1
| #define HAVE_SYS_STAT_H 1
| #define HAVE_STDLIB_H 1
| #define HAVE_STRING_H 1
| #define HAVE_MEMORY_H 1
| #define HAVE_STRINGS_H 1
| #define HAVE_INTTYPES_H 1
| #define HAVE_STDINT_H 1
| #define HAVE_UNISTD_H 1
| #define __EXTENSIONS__ 1
| #define _ALL_SOURCE 1
| #define _GNU_SOURCE 1
| #define _POSIX_PTHREAD_SEMANTICS 1
| #define _TANDEM_SOURCE 1
| #define HAVE_CXX11 1
| #define USE_GETTEXT 1
| #define _FILE_OFFSET_BITS 64
| #define HAVE__PROC_SELF_STAT 1
| #define NCURSES_NOMACROS 1
| #define NOMACROS 1
| #define HAVE_SHM_OPEN 1
| /* end confdefs.h.  */
| 
| /* Override any GCC internal prototype to avoid an error.
|    Use char because int might match the return type of a GCC
|    builtin and then its argument prototype would still apply.  */
| #ifdef __cplusplus
| extern "C"
| #endif
| char setupterm ();
| int
| main ()
| {
| return setupterm ();
|   ;
|   return 0;
| }
configure:6211: g++ -std=c++11 -o conftest -g -O2 -fno-exceptions -Wextra   conftest.cpp -lncurses  -lpthread -lrt  >&5
configure:6211: $? = 0
configure:6228: result: -lncurses
configure:6238: checking for library containing dladdr
configure:6269: g++ -std=c++11 -o conftest -g -O2 -fno-exceptions -Wextra   conftest.cpp -lncurses -lpthread -lrt  >&5
/usr/bin/ld: /tmp/cc8kXFNW.o: undefined reference to symbol 'dladdr@@GLIBC_2.4'
//lib/arm-linux-gnueabihf/libdl.so.2: error adding symbols: DSO missing from command line
collect2: error: ld returned 1 exit status
configure:6269: $? = 1
configure: failed program was:
| /* confdefs.h */
| #define PACKAGE_NAME "fish"
| #define PACKAGE_TARNAME "fish"
| #define PACKAGE_VERSION "06a88e4-dirty"
| #define PACKAGE_STRING "fish 06a88e4-dirty"
| #define PACKAGE_BUGREPORT "fish-users@lists.sourceforge.net"
| #define PACKAGE_URL ""
| #define STDC_HEADERS 1
| #define HAVE_SYS_TYPES_H 1
| #define HAVE_SYS_STAT_H 1
| #define HAVE_STDLIB_H 1
| #define HAVE_STRING_H 1
| #define HAVE_MEMORY_H 1
| #define HAVE_STRINGS_H 1
| #define HAVE_INTTYPES_H 1
| #define HAVE_STDINT_H 1
| #define HAVE_UNISTD_H 1
| #define __EXTENSIONS__ 1
| #define _ALL_SOURCE 1
| #define _GNU_SOURCE 1
| #define _POSIX_PTHREAD_SEMANTICS 1
| #define _TANDEM_SOURCE 1
| #define HAVE_CXX11 1
| #define USE_GETTEXT 1
| #define _FILE_OFFSET_BITS 64
| #define HAVE__PROC_SELF_STAT 1
| #define NCURSES_NOMACROS 1
| #define NOMACROS 1
| #define HAVE_SHM_OPEN 1
| /* end confdefs.h.  */
| 
| /* Override any GCC internal prototype to avoid an error.
|    Use char because int might match the return type of a GCC
|    builtin and then its argument prototype would still apply.  */
| #ifdef __cplusplus
| extern "C"
| #endif
| char dladdr ();
| int
| main ()
| {
| return dladdr ();
|   ;
|   return 0;
| }
configure:6269: g++ -std=c++11 -o conftest -g -O2 -fno-exceptions -Wextra   conftest.cpp -ldl  -lncurses -lpthread -lrt  >&5
configure:6269: $? = 0
configure:6286: result: -ldl
configure:6296: checking for library containing gettext
configure:6327: g++ -std=c++11 -o conftest -g -O2 -fno-exceptions -Wextra   conftest.cpp -ldl -lncurses -lpthread -lrt  >&5
configure:6327: $? = 0
configure:6344: result: none required
configure:6361: checking getopt.h usability
configure:6361: g++ -std=c++11 -c -g -O2 -fno-exceptions -Wextra  conftest.cpp >&5
configure:6361: $? = 0
configure:6361: result: yes
configure:6361: checking getopt.h presence
configure:6361: g++ -E -std=c++11  conftest.cpp
configure:6361: $? = 0
configure:6361: result: yes
configure:6361: checking for getopt.h
configure:6361: result: yes
configure:6361: checking termios.h usability
configure:6361: g++ -std=c++11 -c -g -O2 -fno-exceptions -Wextra  conftest.cpp >&5
configure:6361: $? = 0
configure:6361: result: yes
configure:6361: checking termios.h presence
configure:6361: g++ -E -std=c++11  conftest.cpp
configure:6361: $? = 0
configure:6361: result: yes
configure:6361: checking for termios.h
configure:6361: result: yes
configure:6361: checking sys/resource.h usability
configure:6361: g++ -std=c++11 -c -g -O2 -fno-exceptions -Wextra  conftest.cpp >&5
configure:6361: $? = 0
configure:6361: result: yes
configure:6361: checking sys/resource.h presence
configure:6361: g++ -E -std=c++11  conftest.cpp
configure:6361: $? = 0
configure:6361: result: yes
configure:6361: checking for sys/resource.h
configure:6361: result: yes
configure:6361: checking term.h usability
configure:6361: g++ -std=c++11 -c -g -O2 -fno-exceptions -Wextra  conftest.cpp >&5
configure:6361: $? = 0
configure:6361: result: yes
configure:6361: checking term.h presence
configure:6361: g++ -E -std=c++11  conftest.cpp
configure:6361: $? = 0
configure:6361: result: yes
configure:6361: checking for term.h
configure:6361: result: yes
configure:6361: checking ncurses/term.h usability
configure:6361: g++ -std=c++11 -c -g -O2 -fno-exceptions -Wextra  conftest.cpp >&5
conftest.cpp:68:26: fatal error: ncurses/term.h: No such file or directory
 #include <ncurses/term.h>
                          ^
compilation terminated.
configure:6361: $? = 1
configure: failed program was:
| /* confdefs.h */
| #define PACKAGE_NAME "fish"
| #define PACKAGE_TARNAME "fish"
| #define PACKAGE_VERSION "06a88e4-dirty"
| #define PACKAGE_STRING "fish 06a88e4-dirty"
| #define PACKAGE_BUGREPORT "fish-users@lists.sourceforge.net"
| #define PACKAGE_URL ""
| #define STDC_HEADERS 1
| #define HAVE_SYS_TYPES_H 1
| #define HAVE_SYS_STAT_H 1
| #define HAVE_STDLIB_H 1
| #define HAVE_STRING_H 1
| #define HAVE_MEMORY_H 1
| #define HAVE_STRINGS_H 1
| #define HAVE_INTTYPES_H 1
| #define HAVE_STDINT_H 1
| #define HAVE_UNISTD_H 1
| #define __EXTENSIONS__ 1
| #define _ALL_SOURCE 1
| #define _GNU_SOURCE 1
| #define _POSIX_PTHREAD_SEMANTICS 1
| #define _TANDEM_SOURCE 1
| #define HAVE_CXX11 1
| #define USE_GETTEXT 1
| #define _FILE_OFFSET_BITS 64
| #define HAVE__PROC_SELF_STAT 1
| #define NCURSES_NOMACROS 1
| #define NOMACROS 1
| #define HAVE_SHM_OPEN 1
| #define HAVE_GETOPT_H 1
| #define HAVE_TERMIOS_H 1
| #define HAVE_SYS_RESOURCE_H 1
| #define HAVE_TERM_H 1
| /* end confdefs.h.  */
| #include <stdio.h>
| #ifdef HAVE_SYS_TYPES_H
| # include <sys/types.h>
| #endif
| #ifdef HAVE_SYS_STAT_H
| # include <sys/stat.h>
| #endif
| #ifdef STDC_HEADERS
| # include <stdlib.h>
| # include <stddef.h>
| #else
| # ifdef HAVE_STDLIB_H
| #  include <stdlib.h>
| # endif
| #endif
| #ifdef HAVE_STRING_H
| # if !defined STDC_HEADERS && defined HAVE_MEMORY_H
| #  include <memory.h>
| # endif
| # include <string.h>
| #endif
| #ifdef HAVE_STRINGS_H
| # include <strings.h>
| #endif
| #ifdef HAVE_INTTYPES_H
| # include <inttypes.h>
| #endif
| #ifdef HAVE_STDINT_H
| # include <stdint.h>
| #endif
| #ifdef HAVE_UNISTD_H
| # include <unistd.h>
| #endif
| #include <ncurses/term.h>
configure:6361: result: no
configure:6361: checking ncurses/term.h presence
configure:6361: g++ -E -std=c++11  conftest.cpp
conftest.cpp:35:26: fatal error: ncurses/term.h: No such file or directory
 #include <ncurses/term.h>
                          ^
compilation terminated.
configure:6361: $? = 1
configure: failed program was:
| /* confdefs.h */
| #define PACKAGE_NAME "fish"
| #define PACKAGE_TARNAME "fish"
| #define PACKAGE_VERSION "06a88e4-dirty"
| #define PACKAGE_STRING "fish 06a88e4-dirty"
| #define PACKAGE_BUGREPORT "fish-users@lists.sourceforge.net"
| #define PACKAGE_URL ""
| #define STDC_HEADERS 1
| #define HAVE_SYS_TYPES_H 1
| #define HAVE_SYS_STAT_H 1
| #define HAVE_STDLIB_H 1
| #define HAVE_STRING_H 1
| #define HAVE_MEMORY_H 1
| #define HAVE_STRINGS_H 1
| #define HAVE_INTTYPES_H 1
| #define HAVE_STDINT_H 1
| #define HAVE_UNISTD_H 1
| #define __EXTENSIONS__ 1
| #define _ALL_SOURCE 1
| #define _GNU_SOURCE 1
| #define _POSIX_PTHREAD_SEMANTICS 1
| #define _TANDEM_SOURCE 1
| #define HAVE_CXX11 1
| #define USE_GETTEXT 1
| #define _FILE_OFFSET_BITS 64
| #define HAVE__PROC_SELF_STAT 1
| #define NCURSES_NOMACROS 1
| #define NOMACROS 1
| #define HAVE_SHM_OPEN 1
| #define HAVE_GETOPT_H 1
| #define HAVE_TERMIOS_H 1
| #define HAVE_SYS_RESOURCE_H 1
| #define HAVE_TERM_H 1
| /* end confdefs.h.  */
| #include <ncurses/term.h>
configure:6361: result: no
configure:6361: checking for ncurses/term.h
configure:6361: result: no
configure:6361: checking ncurses.h usability
configure:6361: g++ -std=c++11 -c -g -O2 -fno-exceptions -Wextra  conftest.cpp >&5
configure:6361: $? = 0
configure:6361: result: yes
configure:6361: checking ncurses.h presence
configure:6361: g++ -E -std=c++11  conftest.cpp
configure:6361: $? = 0
configure:6361: result: yes
configure:6361: checking for ncurses.h
configure:6361: result: yes
configure:6361: checking ncurses/curses.h usability
configure:6361: g++ -std=c++11 -c -g -O2 -fno-exceptions -Wextra  conftest.cpp >&5
conftest.cpp:69:28: fatal error: ncurses/curses.h: No such file or directory
 #include <ncurses/curses.h>
                            ^
compilation terminated.
configure:6361: $? = 1
configure: failed program was:
| /* confdefs.h */
| #define PACKAGE_NAME "fish"
| #define PACKAGE_TARNAME "fish"
| #define PACKAGE_VERSION "06a88e4-dirty"
| #define PACKAGE_STRING "fish 06a88e4-dirty"
| #define PACKAGE_BUGREPORT "fish-users@lists.sourceforge.net"
| #define PACKAGE_URL ""
| #define STDC_HEADERS 1
| #define HAVE_SYS_TYPES_H 1
| #define HAVE_SYS_STAT_H 1
| #define HAVE_STDLIB_H 1
| #define HAVE_STRING_H 1
| #define HAVE_MEMORY_H 1
| #define HAVE_STRINGS_H 1
| #define HAVE_INTTYPES_H 1
| #define HAVE_STDINT_H 1
| #define HAVE_UNISTD_H 1
| #define __EXTENSIONS__ 1
| #define _ALL_SOURCE 1
| #define _GNU_SOURCE 1
| #define _POSIX_PTHREAD_SEMANTICS 1
| #define _TANDEM_SOURCE 1
| #define HAVE_CXX11 1
| #define USE_GETTEXT 1
| #define _FILE_OFFSET_BITS 64
| #define HAVE__PROC_SELF_STAT 1
| #define NCURSES_NOMACROS 1
| #define NOMACROS 1
| #define HAVE_SHM_OPEN 1
| #define HAVE_GETOPT_H 1
| #define HAVE_TERMIOS_H 1
| #define HAVE_SYS_RESOURCE_H 1
| #define HAVE_TERM_H 1
| #define HAVE_NCURSES_H 1
| /* end confdefs.h.  */
| #include <stdio.h>
| #ifdef HAVE_SYS_TYPES_H
| # include <sys/types.h>
| #endif
| #ifdef HAVE_SYS_STAT_H
| # include <sys/stat.h>
| #endif
| #ifdef STDC_HEADERS
| # include <stdlib.h>
| # include <stddef.h>
| #else
| # ifdef HAVE_STDLIB_H
| #  include <stdlib.h>
| # endif
| #endif
| #ifdef HAVE_STRING_H
| # if !defined STDC_HEADERS && defined HAVE_MEMORY_H
| #  include <memory.h>
| # endif
| # include <string.h>
| #endif
| #ifdef HAVE_STRINGS_H
| # include <strings.h>
| #endif
| #ifdef HAVE_INTTYPES_H
| # include <inttypes.h>
| #endif
| #ifdef HAVE_STDINT_H
| # include <stdint.h>
| #endif
| #ifdef HAVE_UNISTD_H
| # include <unistd.h>
| #endif
| #include <ncurses/curses.h>
configure:6361: result: no
configure:6361: checking ncurses/curses.h presence
configure:6361: g++ -E -std=c++11  conftest.cpp
conftest.cpp:36:28: fatal error: ncurses/curses.h: No such file or directory
 #include <ncurses/curses.h>
                            ^
compilation terminated.
configure:6361: $? = 1
configure: failed program was:
| /* confdefs.h */
| #define PACKAGE_NAME "fish"
| #define PACKAGE_TARNAME "fish"
| #define PACKAGE_VERSION "06a88e4-dirty"
| #define PACKAGE_STRING "fish 06a88e4-dirty"
| #define PACKAGE_BUGREPORT "fish-users@lists.sourceforge.net"
| #define PACKAGE_URL ""
| #define STDC_HEADERS 1
| #define HAVE_SYS_TYPES_H 1
| #define HAVE_SYS_STAT_H 1
| #define HAVE_STDLIB_H 1
| #define HAVE_STRING_H 1
| #define HAVE_MEMORY_H 1
| #define HAVE_STRINGS_H 1
| #define HAVE_INTTYPES_H 1
| #define HAVE_STDINT_H 1
| #define HAVE_UNISTD_H 1
| #define __EXTENSIONS__ 1
| #define _ALL_SOURCE 1
| #define _GNU_SOURCE 1
| #define _POSIX_PTHREAD_SEMANTICS 1
| #define _TANDEM_SOURCE 1
| #define HAVE_CXX11 1
| #define USE_GETTEXT 1
| #define _FILE_OFFSET_BITS 64
| #define HAVE__PROC_SELF_STAT 1
| #define NCURSES_NOMACROS 1
| #define NOMACROS 1
| #define HAVE_SHM_OPEN 1
| #define HAVE_GETOPT_H 1
| #define HAVE_TERMIOS_H 1
| #define HAVE_SYS_RESOURCE_H 1
| #define HAVE_TERM_H 1
| #define HAVE_NCURSES_H 1
| /* end confdefs.h.  */
| #include <ncurses/curses.h>
configure:6361: result: no
configure:6361: checking for ncurses/curses.h
configure:6361: result: no
configure:6361: checking curses.h usability
configure:6361: g++ -std=c++11 -c -g -O2 -fno-exceptions -Wextra  conftest.cpp >&5
configure:6361: $? = 0
configure:6361: result: yes
configure:6361: checking curses.h presence
configure:6361: g++ -E -std=c++11  conftest.cpp
configure:6361: $? = 0
configure:6361: result: yes
configure:6361: checking for curses.h
configure:6361: result: yes
configure:6361: checking stropts.h usability
configure:6361: g++ -std=c++11 -c -g -O2 -fno-exceptions -Wextra  conftest.cpp >&5
configure:6361: $? = 0
configure:6361: result: yes
configure:6361: checking stropts.h presence
configure:6361: g++ -E -std=c++11  conftest.cpp
configure:6361: $? = 0
configure:6361: result: yes
configure:6361: checking for stropts.h
configure:6361: result: yes
configure:6361: checking siginfo.h usability
configure:6361: g++ -std=c++11 -c -g -O2 -fno-exceptions -Wextra  conftest.cpp >&5
conftest.cpp:71:21: fatal error: siginfo.h: No such file or directory
 #include <siginfo.h>
                     ^
compilation terminated.
configure:6361: $? = 1
configure: failed program was:
| /* confdefs.h */
| #define PACKAGE_NAME "fish"
| #define PACKAGE_TARNAME "fish"
| #define PACKAGE_VERSION "06a88e4-dirty"
| #define PACKAGE_STRING "fish 06a88e4-dirty"
| #define PACKAGE_BUGREPORT "fish-users@lists.sourceforge.net"
| #define PACKAGE_URL ""
| #define STDC_HEADERS 1
| #define HAVE_SYS_TYPES_H 1
| #define HAVE_SYS_STAT_H 1
| #define HAVE_STDLIB_H 1
| #define HAVE_STRING_H 1
| #define HAVE_MEMORY_H 1
| #define HAVE_STRINGS_H 1
| #define HAVE_INTTYPES_H 1
| #define HAVE_STDINT_H 1
| #define HAVE_UNISTD_H 1
| #define __EXTENSIONS__ 1
| #define _ALL_SOURCE 1
| #define _GNU_SOURCE 1
| #define _POSIX_PTHREAD_SEMANTICS 1
| #define _TANDEM_SOURCE 1
| #define HAVE_CXX11 1
| #define USE_GETTEXT 1
| #define _FILE_OFFSET_BITS 64
| #define HAVE__PROC_SELF_STAT 1
| #define NCURSES_NOMACROS 1
| #define NOMACROS 1
| #define HAVE_SHM_OPEN 1
| #define HAVE_GETOPT_H 1
| #define HAVE_TERMIOS_H 1
| #define HAVE_SYS_RESOURCE_H 1
| #define HAVE_TERM_H 1
| #define HAVE_NCURSES_H 1
| #define HAVE_CURSES_H 1
| #define HAVE_STROPTS_H 1
| /* end confdefs.h.  */
| #include <stdio.h>
| #ifdef HAVE_SYS_TYPES_H
| # include <sys/types.h>
| #endif
| #ifdef HAVE_SYS_STAT_H
| # include <sys/stat.h>
| #endif
| #ifdef STDC_HEADERS
| # include <stdlib.h>
| # include <stddef.h>
| #else
| # ifdef HAVE_STDLIB_H
| #  include <stdlib.h>
| # endif
| #endif
| #ifdef HAVE_STRING_H
| # if !defined STDC_HEADERS && defined HAVE_MEMORY_H
| #  include <memory.h>
| # endif
| # include <string.h>
| #endif
| #ifdef HAVE_STRINGS_H
| # include <strings.h>
| #endif
| #ifdef HAVE_INTTYPES_H
| # include <inttypes.h>
| #endif
| #ifdef HAVE_STDINT_H
| # include <stdint.h>
| #endif
| #ifdef HAVE_UNISTD_H
| # include <unistd.h>
| #endif
| #include <siginfo.h>
configure:6361: result: no
configure:6361: checking siginfo.h presence
configure:6361: g++ -E -std=c++11  conftest.cpp
conftest.cpp:38:21: fatal error: siginfo.h: No such file or directory
 #include <siginfo.h>
                     ^
compilation terminated.
configure:6361: $? = 1
configure: failed program was:
| /* confdefs.h */
| #define PACKAGE_NAME "fish"
| #define PACKAGE_TARNAME "fish"
| #define PACKAGE_VERSION "06a88e4-dirty"
| #define PACKAGE_STRING "fish 06a88e4-dirty"
| #define PACKAGE_BUGREPORT "fish-users@lists.sourceforge.net"
| #define PACKAGE_URL ""
| #define STDC_HEADERS 1
| #define HAVE_SYS_TYPES_H 1
| #define HAVE_SYS_STAT_H 1
| #define HAVE_STDLIB_H 1
| #define HAVE_STRING_H 1
| #define HAVE_MEMORY_H 1
| #define HAVE_STRINGS_H 1
| #define HAVE_INTTYPES_H 1
| #define HAVE_STDINT_H 1
| #define HAVE_UNISTD_H 1
| #define __EXTENSIONS__ 1
| #define _ALL_SOURCE 1
| #define _GNU_SOURCE 1
| #define _POSIX_PTHREAD_SEMANTICS 1
| #define _TANDEM_SOURCE 1
| #define HAVE_CXX11 1
| #define USE_GETTEXT 1
| #define _FILE_OFFSET_BITS 64
| #define HAVE__PROC_SELF_STAT 1
| #define NCURSES_NOMACROS 1
| #define NOMACROS 1
| #define HAVE_SHM_OPEN 1
| #define HAVE_GETOPT_H 1
| #define HAVE_TERMIOS_H 1
| #define HAVE_SYS_RESOURCE_H 1
| #define HAVE_TERM_H 1
| #define HAVE_NCURSES_H 1
| #define HAVE_CURSES_H 1
| #define HAVE_STROPTS_H 1
| /* end confdefs.h.  */
| #include <siginfo.h>
configure:6361: result: no
configure:6361: checking for siginfo.h
configure:6361: result: no
configure:6361: checking sys/select.h usability
configure:6361: g++ -std=c++11 -c -g -O2 -fno-exceptions -Wextra  conftest.cpp >&5
configure:6361: $? = 0
configure:6361: result: yes
configure:6361: checking sys/select.h presence
configure:6361: g++ -E -std=c++11  conftest.cpp
configure:6361: $? = 0
configure:6361: result: yes
configure:6361: checking for sys/select.h
configure:6361: result: yes
configure:6361: checking sys/ioctl.h usability
configure:6361: g++ -std=c++11 -c -g -O2 -fno-exceptions -Wextra  conftest.cpp >&5
configure:6361: $? = 0
configure:6361: result: yes
configure:6361: checking sys/ioctl.h presence
configure:6361: g++ -E -std=c++11  conftest.cpp
configure:6361: $? = 0
configure:6361: result: yes
configure:6361: checking for sys/ioctl.h
configure:6361: result: yes
configure:6361: checking execinfo.h usability
configure:6361: g++ -std=c++11 -c -g -O2 -fno-exceptions -Wextra  conftest.cpp >&5
configure:6361: $? = 0
configure:6361: result: yes
configure:6361: checking execinfo.h presence
configure:6361: g++ -E -std=c++11  conftest.cpp
configure:6361: $? = 0
configure:6361: result: yes
configure:6361: checking for execinfo.h
configure:6361: result: yes
configure:6361: checking spawn.h usability
configure:6361: g++ -std=c++11 -c -g -O2 -fno-exceptions -Wextra  conftest.cpp >&5
configure:6361: $? = 0
configure:6361: result: yes
configure:6361: checking spawn.h presence
configure:6361: g++ -E -std=c++11  conftest.cpp
configure:6361: $? = 0
configure:6361: result: yes
configure:6361: checking for spawn.h
configure:6361: result: yes
configure:6361: checking sys/sysctl.h usability
configure:6361: g++ -std=c++11 -c -g -O2 -fno-exceptions -Wextra  conftest.cpp >&5
configure:6361: $? = 0
configure:6361: result: yes
configure:6361: checking sys/sysctl.h presence
configure:6361: g++ -E -std=c++11  conftest.cpp
configure:6361: $? = 0
configure:6361: result: yes
configure:6361: checking for sys/sysctl.h
configure:6361: result: yes
configure:6375: checking libintl.h usability
configure:6375: g++ -std=c++11 -c -g -O2 -fno-exceptions -Wextra  conftest.cpp >&5
configure:6375: $? = 0
configure:6375: result: yes
configure:6375: checking libintl.h presence
configure:6375: g++ -E -std=c++11  conftest.cpp
configure:6375: $? = 0
configure:6375: result: yes
configure:6375: checking for libintl.h
configure:6375: result: yes
configure:6397: checking size of wchar_t
configure:6402: g++ -std=c++11 -o conftest -g -O2 -fno-exceptions -Wextra   conftest.cpp -ldl -lncurses -lpthread -lrt  >&5
configure:6402: $? = 0
configure:6402: ./conftest
configure:6402: $? = 0
configure:6416: result: 4
configure:6436: checking for struct stat.st_ctime_nsec
configure:6436: g++ -std=c++11 -c -g -O2 -fno-exceptions -Wextra  conftest.cpp >&5
conftest.cpp: In function 'int main()':
conftest.cpp:83:13: error: 'struct stat' has no member named 'st_ctime_nsec'
 if (ac_aggr.st_ctime_nsec)
             ^
configure:6436: $? = 1
configure: failed program was:
| /* confdefs.h */
| #define PACKAGE_NAME "fish"
| #define PACKAGE_TARNAME "fish"
| #define PACKAGE_VERSION "06a88e4-dirty"
| #define PACKAGE_STRING "fish 06a88e4-dirty"
| #define PACKAGE_BUGREPORT "fish-users@lists.sourceforge.net"
| #define PACKAGE_URL ""
| #define STDC_HEADERS 1
| #define HAVE_SYS_TYPES_H 1
| #define HAVE_SYS_STAT_H 1
| #define HAVE_STDLIB_H 1
| #define HAVE_STRING_H 1
| #define HAVE_MEMORY_H 1
| #define HAVE_STRINGS_H 1
| #define HAVE_INTTYPES_H 1
| #define HAVE_STDINT_H 1
| #define HAVE_UNISTD_H 1
| #define __EXTENSIONS__ 1
| #define _ALL_SOURCE 1
| #define _GNU_SOURCE 1
| #define _POSIX_PTHREAD_SEMANTICS 1
| #define _TANDEM_SOURCE 1
| #define HAVE_CXX11 1
| #define USE_GETTEXT 1
| #define _FILE_OFFSET_BITS 64
| #define HAVE__PROC_SELF_STAT 1
| #define NCURSES_NOMACROS 1
| #define NOMACROS 1
| #define HAVE_SHM_OPEN 1
| #define HAVE_GETOPT_H 1
| #define HAVE_TERMIOS_H 1
| #define HAVE_SYS_RESOURCE_H 1
| #define HAVE_TERM_H 1
| #define HAVE_NCURSES_H 1
| #define HAVE_CURSES_H 1
| #define HAVE_STROPTS_H 1
| #define HAVE_SYS_SELECT_H 1
| #define HAVE_SYS_IOCTL_H 1
| #define HAVE_EXECINFO_H 1
| #define HAVE_SPAWN_H 1
| #define HAVE_SYS_SYSCTL_H 1
| #define HAVE_LIBINTL_H 1
| #define SIZEOF_WCHAR_T 4
| #define WCHAR_T_BITS 32
| /* end confdefs.h.  */
| #include <stdio.h>
| #ifdef HAVE_SYS_TYPES_H
| # include <sys/types.h>
| #endif
| #ifdef HAVE_SYS_STAT_H
| # include <sys/stat.h>
| #endif
| #ifdef STDC_HEADERS
| # include <stdlib.h>
| # include <stddef.h>
| #else
| # ifdef HAVE_STDLIB_H
| #  include <stdlib.h>
| # endif
| #endif
| #ifdef HAVE_STRING_H
| # if !defined STDC_HEADERS && defined HAVE_MEMORY_H
| #  include <memory.h>
| # endif
| # include <string.h>
| #endif
| #ifdef HAVE_STRINGS_H
| # include <strings.h>
| #endif
| #ifdef HAVE_INTTYPES_H
| # include <inttypes.h>
| #endif
| #ifdef HAVE_STDINT_H
| # include <stdint.h>
| #endif
| #ifdef HAVE_UNISTD_H
| # include <unistd.h>
| #endif
| int
| main ()
| {
| static struct stat ac_aggr;
| if (ac_aggr.st_ctime_nsec)
| return 0;
|   ;
|   return 0;
| }
configure:6436: g++ -std=c++11 -c -g -O2 -fno-exceptions -Wextra  conftest.cpp >&5
conftest.cpp: In function 'int main()':
conftest.cpp:83:20: error: 'struct stat' has no member named 'st_ctime_nsec'
 if (sizeof ac_aggr.st_ctime_nsec)
                    ^
configure:6436: $? = 1
configure: failed program was:
| /* confdefs.h */
| #define PACKAGE_NAME "fish"
| #define PACKAGE_TARNAME "fish"
| #define PACKAGE_VERSION "06a88e4-dirty"
| #define PACKAGE_STRING "fish 06a88e4-dirty"
| #define PACKAGE_BUGREPORT "fish-users@lists.sourceforge.net"
| #define PACKAGE_URL ""
| #define STDC_HEADERS 1
| #define HAVE_SYS_TYPES_H 1
| #define HAVE_SYS_STAT_H 1
| #define HAVE_STDLIB_H 1
| #define HAVE_STRING_H 1
| #define HAVE_MEMORY_H 1
| #define HAVE_STRINGS_H 1
| #define HAVE_INTTYPES_H 1
| #define HAVE_STDINT_H 1
| #define HAVE_UNISTD_H 1
| #define __EXTENSIONS__ 1
| #define _ALL_SOURCE 1
| #define _GNU_SOURCE 1
| #define _POSIX_PTHREAD_SEMANTICS 1
| #define _TANDEM_SOURCE 1
| #define HAVE_CXX11 1
| #define USE_GETTEXT 1
| #define _FILE_OFFSET_BITS 64
| #define HAVE__PROC_SELF_STAT 1
| #define NCURSES_NOMACROS 1
| #define NOMACROS 1
| #define HAVE_SHM_OPEN 1
| #define HAVE_GETOPT_H 1
| #define HAVE_TERMIOS_H 1
| #define HAVE_SYS_RESOURCE_H 1
| #define HAVE_TERM_H 1
| #define HAVE_NCURSES_H 1
| #define HAVE_CURSES_H 1
| #define HAVE_STROPTS_H 1
| #define HAVE_SYS_SELECT_H 1
| #define HAVE_SYS_IOCTL_H 1
| #define HAVE_EXECINFO_H 1
| #define HAVE_SPAWN_H 1
| #define HAVE_SYS_SYSCTL_H 1
| #define HAVE_LIBINTL_H 1
| #define SIZEOF_WCHAR_T 4
| #define WCHAR_T_BITS 32
| /* end confdefs.h.  */
| #include <stdio.h>
| #ifdef HAVE_SYS_TYPES_H
| # include <sys/types.h>
| #endif
| #ifdef HAVE_SYS_STAT_H
| # include <sys/stat.h>
| #endif
| #ifdef STDC_HEADERS
| # include <stdlib.h>
| # include <stddef.h>
| #else
| # ifdef HAVE_STDLIB_H
| #  include <stdlib.h>
| # endif
| #endif
| #ifdef HAVE_STRING_H
| # if !defined STDC_HEADERS && defined HAVE_MEMORY_H
| #  include <memory.h>
| # endif
| # include <string.h>
| #endif
| #ifdef HAVE_STRINGS_H
| # include <strings.h>
| #endif
| #ifdef HAVE_INTTYPES_H
| # include <inttypes.h>
| #endif
| #ifdef HAVE_STDINT_H
| # include <stdint.h>
| #endif
| #ifdef HAVE_UNISTD_H
| # include <unistd.h>
| #endif
| int
| main ()
| {
| static struct stat ac_aggr;
| if (sizeof ac_aggr.st_ctime_nsec)
| return 0;
|   ;
|   return 0;
| }
configure:6436: result: no
configure:6446: checking for struct stat.st_mtimespec.tv_nsec
configure:6446: g++ -std=c++11 -c -g -O2 -fno-exceptions -Wextra  conftest.cpp >&5
conftest.cpp: In function 'int main()':
conftest.cpp:83:13: error: 'struct stat' has no member named 'st_mtimespec'
 if (ac_aggr.st_mtimespec.tv_nsec)
             ^
configure:6446: $? = 1
configure: failed program was:
| /* confdefs.h */
| #define PACKAGE_NAME "fish"
| #define PACKAGE_TARNAME "fish"
| #define PACKAGE_VERSION "06a88e4-dirty"
| #define PACKAGE_STRING "fish 06a88e4-dirty"
| #define PACKAGE_BUGREPORT "fish-users@lists.sourceforge.net"
| #define PACKAGE_URL ""
| #define STDC_HEADERS 1
| #define HAVE_SYS_TYPES_H 1
| #define HAVE_SYS_STAT_H 1
| #define HAVE_STDLIB_H 1
| #define HAVE_STRING_H 1
| #define HAVE_MEMORY_H 1
| #define HAVE_STRINGS_H 1
| #define HAVE_INTTYPES_H 1
| #define HAVE_STDINT_H 1
| #define HAVE_UNISTD_H 1
| #define __EXTENSIONS__ 1
| #define _ALL_SOURCE 1
| #define _GNU_SOURCE 1
| #define _POSIX_PTHREAD_SEMANTICS 1
| #define _TANDEM_SOURCE 1
| #define HAVE_CXX11 1
| #define USE_GETTEXT 1
| #define _FILE_OFFSET_BITS 64
| #define HAVE__PROC_SELF_STAT 1
| #define NCURSES_NOMACROS 1
| #define NOMACROS 1
| #define HAVE_SHM_OPEN 1
| #define HAVE_GETOPT_H 1
| #define HAVE_TERMIOS_H 1
| #define HAVE_SYS_RESOURCE_H 1
| #define HAVE_TERM_H 1
| #define HAVE_NCURSES_H 1
| #define HAVE_CURSES_H 1
| #define HAVE_STROPTS_H 1
| #define HAVE_SYS_SELECT_H 1
| #define HAVE_SYS_IOCTL_H 1
| #define HAVE_EXECINFO_H 1
| #define HAVE_SPAWN_H 1
| #define HAVE_SYS_SYSCTL_H 1
| #define HAVE_LIBINTL_H 1
| #define SIZEOF_WCHAR_T 4
| #define WCHAR_T_BITS 32
| /* end confdefs.h.  */
| #include <stdio.h>
| #ifdef HAVE_SYS_TYPES_H
| # include <sys/types.h>
| #endif
| #ifdef HAVE_SYS_STAT_H
| # include <sys/stat.h>
| #endif
| #ifdef STDC_HEADERS
| # include <stdlib.h>
| # include <stddef.h>
| #else
| # ifdef HAVE_STDLIB_H
| #  include <stdlib.h>
| # endif
| #endif
| #ifdef HAVE_STRING_H
| # if !defined STDC_HEADERS && defined HAVE_MEMORY_H
| #  include <memory.h>
| # endif
| # include <string.h>
| #endif
| #ifdef HAVE_STRINGS_H
| # include <strings.h>
| #endif
| #ifdef HAVE_INTTYPES_H
| # include <inttypes.h>
| #endif
| #ifdef HAVE_STDINT_H
| # include <stdint.h>
| #endif
| #ifdef HAVE_UNISTD_H
| # include <unistd.h>
| #endif
| int
| main ()
| {
| static struct stat ac_aggr;
| if (ac_aggr.st_mtimespec.tv_nsec)
| return 0;
|   ;
|   return 0;
| }
configure:6446: g++ -std=c++11 -c -g -O2 -fno-exceptions -Wextra  conftest.cpp >&5
conftest.cpp: In function 'int main()':
conftest.cpp:83:20: error: 'struct stat' has no member named 'st_mtimespec'
 if (sizeof ac_aggr.st_mtimespec.tv_nsec)
                    ^
configure:6446: $? = 1
configure: failed program was:
| /* confdefs.h */
| #define PACKAGE_NAME "fish"
| #define PACKAGE_TARNAME "fish"
| #define PACKAGE_VERSION "06a88e4-dirty"
| #define PACKAGE_STRING "fish 06a88e4-dirty"
| #define PACKAGE_BUGREPORT "fish-users@lists.sourceforge.net"
| #define PACKAGE_URL ""
| #define STDC_HEADERS 1
| #define HAVE_SYS_TYPES_H 1
| #define HAVE_SYS_STAT_H 1
| #define HAVE_STDLIB_H 1
| #define HAVE_STRING_H 1
| #define HAVE_MEMORY_H 1
| #define HAVE_STRINGS_H 1
| #define HAVE_INTTYPES_H 1
| #define HAVE_STDINT_H 1
| #define HAVE_UNISTD_H 1
| #define __EXTENSIONS__ 1
| #define _ALL_SOURCE 1
| #define _GNU_SOURCE 1
| #define _POSIX_PTHREAD_SEMANTICS 1
| #define _TANDEM_SOURCE 1
| #define HAVE_CXX11 1
| #define USE_GETTEXT 1
| #define _FILE_OFFSET_BITS 64
| #define HAVE__PROC_SELF_STAT 1
| #define NCURSES_NOMACROS 1
| #define NOMACROS 1
| #define HAVE_SHM_OPEN 1
| #define HAVE_GETOPT_H 1
| #define HAVE_TERMIOS_H 1
| #define HAVE_SYS_RESOURCE_H 1
| #define HAVE_TERM_H 1
| #define HAVE_NCURSES_H 1
| #define HAVE_CURSES_H 1
| #define HAVE_STROPTS_H 1
| #define HAVE_SYS_SELECT_H 1
| #define HAVE_SYS_IOCTL_H 1
| #define HAVE_EXECINFO_H 1
| #define HAVE_SPAWN_H 1
| #define HAVE_SYS_SYSCTL_H 1
| #define HAVE_LIBINTL_H 1
| #define SIZEOF_WCHAR_T 4
| #define WCHAR_T_BITS 32
| /* end confdefs.h.  */
| #include <stdio.h>
| #ifdef HAVE_SYS_TYPES_H
| # include <sys/types.h>
| #endif
| #ifdef HAVE_SYS_STAT_H
| # include <sys/stat.h>
| #endif
| #ifdef STDC_HEADERS
| # include <stdlib.h>
| # include <stddef.h>
| #else
| # ifdef HAVE_STDLIB_H
| #  include <stdlib.h>
| # endif
| #endif
| #ifdef HAVE_STRING_H
| # if !defined STDC_HEADERS && defined HAVE_MEMORY_H
| #  include <memory.h>
| # endif
| # include <string.h>
| #endif
| #ifdef HAVE_STRINGS_H
| # include <strings.h>
| #endif
| #ifdef HAVE_INTTYPES_H
| # include <inttypes.h>
| #endif
| #ifdef HAVE_STDINT_H
| # include <stdint.h>
| #endif
| #ifdef HAVE_UNISTD_H
| # include <unistd.h>
| #endif
| int
| main ()
| {
| static struct stat ac_aggr;
| if (sizeof ac_aggr.st_mtimespec.tv_nsec)
| return 0;
|   ;
|   return 0;
| }
configure:6446: result: no
configure:6456: checking for struct stat.st_mtim.tv_nsec
configure:6456: g++ -std=c++11 -c -g -O2 -fno-exceptions -Wextra  conftest.cpp >&5
configure:6456: $? = 0
configure:6456: result: yes
configure:6473: checking for dirent.h that defines DIR
configure:6492: g++ -std=c++11 -c -g -O2 -fno-exceptions -Wextra  conftest.cpp >&5
configure:6492: $? = 0
configure:6500: result: yes
configure:6513: checking for library containing opendir
configure:6544: g++ -std=c++11 -o conftest -g -O2 -fno-exceptions -Wextra   conftest.cpp -ldl -lncurses -lpthread -lrt  >&5
configure:6544: $? = 0
configure:6561: result: none required
configure:6630: checking for struct dirent.d_type
configure:6630: g++ -std=c++11 -c -g -O2 -fno-exceptions -Wextra  conftest.cpp >&5
configure:6630: $? = 0
configure:6630: result: yes
configure:6666: checking for wcsndup
configure:6666: g++ -std=c++11 -o conftest -g -O2 -fno-exceptions -Wextra   conftest.cpp -ldl -lncurses -lpthread -lrt  >&5
/tmp/cceDjvBB.o: In function `main':
/home/pi/rpi_bins/fish-shell/conftest.cpp:83: undefined reference to `wcsndup'
collect2: error: ld returned 1 exit status
configure:6666: $? = 1
configure: failed program was:
| /* confdefs.h */
| #define PACKAGE_NAME "fish"
| #define PACKAGE_TARNAME "fish"
| #define PACKAGE_VERSION "06a88e4-dirty"
| #define PACKAGE_STRING "fish 06a88e4-dirty"
| #define PACKAGE_BUGREPORT "fish-users@lists.sourceforge.net"
| #define PACKAGE_URL ""
| #define STDC_HEADERS 1
| #define HAVE_SYS_TYPES_H 1
| #define HAVE_SYS_STAT_H 1
| #define HAVE_STDLIB_H 1
| #define HAVE_STRING_H 1
| #define HAVE_MEMORY_H 1
| #define HAVE_STRINGS_H 1
| #define HAVE_INTTYPES_H 1
| #define HAVE_STDINT_H 1
| #define HAVE_UNISTD_H 1
| #define __EXTENSIONS__ 1
| #define _ALL_SOURCE 1
| #define _GNU_SOURCE 1
| #define _POSIX_PTHREAD_SEMANTICS 1
| #define _TANDEM_SOURCE 1
| #define HAVE_CXX11 1
| #define USE_GETTEXT 1
| #define _FILE_OFFSET_BITS 64
| #define HAVE__PROC_SELF_STAT 1
| #define NCURSES_NOMACROS 1
| #define NOMACROS 1
| #define HAVE_SHM_OPEN 1
| #define HAVE_GETOPT_H 1
| #define HAVE_TERMIOS_H 1
| #define HAVE_SYS_RESOURCE_H 1
| #define HAVE_TERM_H 1
| #define HAVE_NCURSES_H 1
| #define HAVE_CURSES_H 1
| #define HAVE_STROPTS_H 1
| #define HAVE_SYS_SELECT_H 1
| #define HAVE_SYS_IOCTL_H 1
| #define HAVE_EXECINFO_H 1
| #define HAVE_SPAWN_H 1
| #define HAVE_SYS_SYSCTL_H 1
| #define HAVE_LIBINTL_H 1
| #define SIZEOF_WCHAR_T 4
| #define WCHAR_T_BITS 32
| #define HAVE_STRUCT_STAT_ST_MTIM_TV_NSEC 1
| #define HAVE_DIRENT_H 1
| #define HAVE_STRUCT_DIRENT_D_TYPE 1
| /* end confdefs.h.  */
| /* Define wcsndup to an innocuous variant, in case <limits.h> declares wcsndup.
|    For example, HP-UX 11i <limits.h> declares gettimeofday.  */
| #define wcsndup innocuous_wcsndup
| 
| /* System header to define __stub macros and hopefully few prototypes,
|     which can conflict with char wcsndup (); below.
|     Prefer <limits.h> to <assert.h> if __STDC__ is defined, since
|     <limits.h> exists even on freestanding compilers.  */
| 
| #ifdef __STDC__
| # include <limits.h>
| #else
| # include <assert.h>
| #endif
| 
| #undef wcsndup
| 
| /* Override any GCC internal prototype to avoid an error.
|    Use char because int might match the return type of a GCC
|    builtin and then its argument prototype would still apply.  */
| #ifdef __cplusplus
| extern "C"
| #endif
| char wcsndup ();
| /* The GNU C library defines this for functions which it implements
|     to always fail with ENOSYS.  Some functions are actually named
|     something starting with __ and the normal name is an alias.  */
| #if defined __stub_wcsndup || defined __stub___wcsndup
| choke me
| #endif
| 
| int
| main ()
| {
| return wcsndup ();
|   ;
|   return 0;
| }
configure:6666: result: no
configure:6678: checking for futimes
configure:6678: g++ -std=c++11 -o conftest -g -O2 -fno-exceptions -Wextra   conftest.cpp -ldl -lncurses -lpthread -lrt  >&5
configure:6678: $? = 0
configure:6678: result: yes
configure:6690: checking for wcslcpy
configure:6690: g++ -std=c++11 -o conftest -g -O2 -fno-exceptions -Wextra   conftest.cpp -ldl -lncurses -lpthread -lrt  >&5
/tmp/cc0rs1cm.o: In function `main':
/home/pi/rpi_bins/fish-shell/conftest.cpp:84: undefined reference to `wcslcpy'
collect2: error: ld returned 1 exit status
configure:6690: $? = 1
configure: failed program was:
| /* confdefs.h */
| #define PACKAGE_NAME "fish"
| #define PACKAGE_TARNAME "fish"
| #define PACKAGE_VERSION "06a88e4-dirty"
| #define PACKAGE_STRING "fish 06a88e4-dirty"
| #define PACKAGE_BUGREPORT "fish-users@lists.sourceforge.net"
| #define PACKAGE_URL ""
| #define STDC_HEADERS 1
| #define HAVE_SYS_TYPES_H 1
| #define HAVE_SYS_STAT_H 1
| #define HAVE_STDLIB_H 1
| #define HAVE_STRING_H 1
| #define HAVE_MEMORY_H 1
| #define HAVE_STRINGS_H 1
| #define HAVE_INTTYPES_H 1
| #define HAVE_STDINT_H 1
| #define HAVE_UNISTD_H 1
| #define __EXTENSIONS__ 1
| #define _ALL_SOURCE 1
| #define _GNU_SOURCE 1
| #define _POSIX_PTHREAD_SEMANTICS 1
| #define _TANDEM_SOURCE 1
| #define HAVE_CXX11 1
| #define USE_GETTEXT 1
| #define _FILE_OFFSET_BITS 64
| #define HAVE__PROC_SELF_STAT 1
| #define NCURSES_NOMACROS 1
| #define NOMACROS 1
| #define HAVE_SHM_OPEN 1
| #define HAVE_GETOPT_H 1
| #define HAVE_TERMIOS_H 1
| #define HAVE_SYS_RESOURCE_H 1
| #define HAVE_TERM_H 1
| #define HAVE_NCURSES_H 1
| #define HAVE_CURSES_H 1
| #define HAVE_STROPTS_H 1
| #define HAVE_SYS_SELECT_H 1
| #define HAVE_SYS_IOCTL_H 1
| #define HAVE_EXECINFO_H 1
| #define HAVE_SPAWN_H 1
| #define HAVE_SYS_SYSCTL_H 1
| #define HAVE_LIBINTL_H 1
| #define SIZEOF_WCHAR_T 4
| #define WCHAR_T_BITS 32
| #define HAVE_STRUCT_STAT_ST_MTIM_TV_NSEC 1
| #define HAVE_DIRENT_H 1
| #define HAVE_STRUCT_DIRENT_D_TYPE 1
| #define HAVE_FUTIMES 1
| /* end confdefs.h.  */
| /* Define wcslcpy to an innocuous variant, in case <limits.h> declares wcslcpy.
|    For example, HP-UX 11i <limits.h> declares gettimeofday.  */
| #define wcslcpy innocuous_wcslcpy
| 
| /* System header to define __stub macros and hopefully few prototypes,
|     which can conflict with char wcslcpy (); below.
|     Prefer <limits.h> to <assert.h> if __STDC__ is defined, since
|     <limits.h> exists even on freestanding compilers.  */
| 
| #ifdef __STDC__
| # include <limits.h>
| #else
| # include <assert.h>
| #endif
| 
| #undef wcslcpy
| 
| /* Override any GCC internal prototype to avoid an error.
|    Use char because int might match the return type of a GCC
|    builtin and then its argument prototype would still apply.  */
| #ifdef __cplusplus
| extern "C"
| #endif
| char wcslcpy ();
| /* The GNU C library defines this for functions which it implements
|     to always fail with ENOSYS.  Some functions are actually named
|     something starting with __ and the normal name is an alias.  */
| #if defined __stub_wcslcpy || defined __stub___wcslcpy
| choke me
| #endif
| 
| int
| main ()
| {
| return wcslcpy ();
|   ;
|   return 0;
| }
configure:6690: result: no
configure:6690: checking for lrand48_r
configure:6690: g++ -std=c++11 -o conftest -g -O2 -fno-exceptions -Wextra   conftest.cpp -ldl -lncurses -lpthread -lrt  >&5
configure:6690: $? = 0
configure:6690: result: yes
configure:6690: checking for killpg
configure:6690: g++ -std=c++11 -o conftest -g -O2 -fno-exceptions -Wextra   conftest.cpp -ldl -lncurses -lpthread -lrt  >&5
configure:6690: $? = 0
configure:6690: result: yes
configure:6702: checking for backtrace_symbols
configure:6702: g++ -std=c++11 -o conftest -g -O2 -fno-exceptions -Wextra   conftest.cpp -ldl -lncurses -lpthread -lrt  >&5
configure:6702: $? = 0
configure:6702: result: yes
configure:6702: checking for getifaddrs
configure:6702: g++ -std=c++11 -o conftest -g -O2 -fno-exceptions -Wextra   conftest.cpp -ldl -lncurses -lpthread -lrt  >&5
configure:6702: $? = 0
configure:6702: result: yes
configure:6714: checking for futimens
configure:6714: g++ -std=c++11 -o conftest -g -O2 -fno-exceptions -Wextra   conftest.cpp -ldl -lncurses -lpthread -lrt  >&5
configure:6714: $? = 0
configure:6714: result: yes
configure:6714: checking for clock_gettime
configure:6714: g++ -std=c++11 -o conftest -g -O2 -fno-exceptions -Wextra   conftest.cpp -ldl -lncurses -lpthread -lrt  >&5
configure:6714: $? = 0
configure:6714: result: yes
configure:6726: checking for getpwent
configure:6726: g++ -std=c++11 -o conftest -g -O2 -fno-exceptions -Wextra   conftest.cpp -ldl -lncurses -lpthread -lrt  >&5
configure:6726: $? = 0
configure:6726: result: yes
configure:6726: checking for flock
configure:6726: g++ -std=c++11 -o conftest -g -O2 -fno-exceptions -Wextra   conftest.cpp -ldl -lncurses -lpthread -lrt  >&5
configure:6726: $? = 0
configure:6726: result: yes
configure:6738: checking for dirfd
configure:6738: g++ -std=c++11 -o conftest -g -O2 -fno-exceptions -Wextra   conftest.cpp -ldl -lncurses -lpthread -lrt  >&5
configure:6738: $? = 0
configure:6738: result: yes
configure:6748: checking whether mkostemp is declared
configure:6748: g++ -std=c++11 -c -g -O2 -fno-exceptions -Wextra  conftest.cpp >&5
configure:6748: $? = 0
configure:6748: result: yes
configure:6752: checking for mkostemp
configure:6752: g++ -std=c++11 -o conftest -g -O2 -fno-exceptions -Wextra   conftest.cpp -ldl -lncurses -lpthread -lrt  >&5
configure:6752: $? = 0
configure:6752: result: yes
configure:6764: checking for wcsdup
configure:6777: g++ -std=c++11 -o conftest -g -O2 -fno-exceptions -Wextra   conftest.cpp -ldl -lncurses -lpthread -lrt  >&5
configure:6777: $? = 0
configure:6778: result: yes
configure:6791: checking for std::wcsdup
configure:6804: g++ -std=c++11 -o conftest -g -O2 -fno-exceptions -Wextra   conftest.cpp -ldl -lncurses -lpthread -lrt  >&5
conftest.cpp: In function 'int main()':
conftest.cpp:65:17: error: 'wcsdup' is not a member of 'std'
  wchar_t* foo = std::wcsdup(L"");
                 ^
conftest.cpp:65:17: note: suggested alternative:
In file included from conftest.cpp:61:0:
/usr/include/wchar.h:216:17: note:   'wcsdup'
 extern wchar_t *wcsdup (const wchar_t *__s) __THROW __attribute_malloc__;
                 ^
configure:6804: $? = 1
configure: failed program was:
| /* confdefs.h */
| #define PACKAGE_NAME "fish"
| #define PACKAGE_TARNAME "fish"
| #define PACKAGE_VERSION "06a88e4-dirty"
| #define PACKAGE_STRING "fish 06a88e4-dirty"
| #define PACKAGE_BUGREPORT "fish-users@lists.sourceforge.net"
| #define PACKAGE_URL ""
| #define STDC_HEADERS 1
| #define HAVE_SYS_TYPES_H 1
| #define HAVE_SYS_STAT_H 1
| #define HAVE_STDLIB_H 1
| #define HAVE_STRING_H 1
| #define HAVE_MEMORY_H 1
| #define HAVE_STRINGS_H 1
| #define HAVE_INTTYPES_H 1
| #define HAVE_STDINT_H 1
| #define HAVE_UNISTD_H 1
| #define __EXTENSIONS__ 1
| #define _ALL_SOURCE 1
| #define _GNU_SOURCE 1
| #define _POSIX_PTHREAD_SEMANTICS 1
| #define _TANDEM_SOURCE 1
| #define HAVE_CXX11 1
| #define USE_GETTEXT 1
| #define _FILE_OFFSET_BITS 64
| #define HAVE__PROC_SELF_STAT 1
| #define NCURSES_NOMACROS 1
| #define NOMACROS 1
| #define HAVE_SHM_OPEN 1
| #define HAVE_GETOPT_H 1
| #define HAVE_TERMIOS_H 1
| #define HAVE_SYS_RESOURCE_H 1
| #define HAVE_TERM_H 1
| #define HAVE_NCURSES_H 1
| #define HAVE_CURSES_H 1
| #define HAVE_STROPTS_H 1
| #define HAVE_SYS_SELECT_H 1
| #define HAVE_SYS_IOCTL_H 1
| #define HAVE_EXECINFO_H 1
| #define HAVE_SPAWN_H 1
| #define HAVE_SYS_SYSCTL_H 1
| #define HAVE_LIBINTL_H 1
| #define SIZEOF_WCHAR_T 4
| #define WCHAR_T_BITS 32
| #define HAVE_STRUCT_STAT_ST_MTIM_TV_NSEC 1
| #define HAVE_DIRENT_H 1
| #define HAVE_STRUCT_DIRENT_D_TYPE 1
| #define HAVE_FUTIMES 1
| #define HAVE_LRAND48_R 1
| #define HAVE_KILLPG 1
| #define HAVE_BACKTRACE_SYMBOLS 1
| #define HAVE_GETIFADDRS 1
| #define HAVE_FUTIMENS 1
| #define HAVE_CLOCK_GETTIME 1
| #define HAVE_GETPWENT 1
| #define HAVE_FLOCK 1
| #define HAVE_DIRFD 1
| #define HAVE_MKOSTEMP 1
| #define HAVE_WCSDUP 1
| /* end confdefs.h.  */
|  #include <wchar.h>
| int
| main ()
| {
|  wchar_t* foo = std::wcsdup(L"");
|   ;
|   return 0;
| }
configure:6812: result: no
configure:6818: checking for wcscasecmp
configure:6831: g++ -std=c++11 -o conftest -g -O2 -fno-exceptions -Wextra   conftest.cpp -ldl -lncurses -lpthread -lrt  >&5
configure:6831: $? = 0
configure:6832: result: yes
configure:6845: checking for std::wcscasecmp
configure:6858: g++ -std=c++11 -o conftest -g -O2 -fno-exceptions -Wextra   conftest.cpp -ldl -lncurses -lpthread -lrt  >&5
conftest.cpp: In function 'int main()':
conftest.cpp:66:12: error: 'wcscasecmp' is not a member of 'std'
  int foo = std::wcscasecmp(L"", L"");
            ^
conftest.cpp:66:12: note: suggested alternative:
In file included from conftest.cpp:62:0:
/usr/include/wchar.h:172:12: note:   'wcscasecmp'
 extern int wcscasecmp (const wchar_t *__s1, const wchar_t *__s2) __THROW;
            ^
configure:6858: $? = 1
configure: failed program was:
| /* confdefs.h */
| #define PACKAGE_NAME "fish"
| #define PACKAGE_TARNAME "fish"
| #define PACKAGE_VERSION "06a88e4-dirty"
| #define PACKAGE_STRING "fish 06a88e4-dirty"
| #define PACKAGE_BUGREPORT "fish-users@lists.sourceforge.net"
| #define PACKAGE_URL ""
| #define STDC_HEADERS 1
| #define HAVE_SYS_TYPES_H 1
| #define HAVE_SYS_STAT_H 1
| #define HAVE_STDLIB_H 1
| #define HAVE_STRING_H 1
| #define HAVE_MEMORY_H 1
| #define HAVE_STRINGS_H 1
| #define HAVE_INTTYPES_H 1
| #define HAVE_STDINT_H 1
| #define HAVE_UNISTD_H 1
| #define __EXTENSIONS__ 1
| #define _ALL_SOURCE 1
| #define _GNU_SOURCE 1
| #define _POSIX_PTHREAD_SEMANTICS 1
| #define _TANDEM_SOURCE 1
| #define HAVE_CXX11 1
| #define USE_GETTEXT 1
| #define _FILE_OFFSET_BITS 64
| #define HAVE__PROC_SELF_STAT 1
| #define NCURSES_NOMACROS 1
| #define NOMACROS 1
| #define HAVE_SHM_OPEN 1
| #define HAVE_GETOPT_H 1
| #define HAVE_TERMIOS_H 1
| #define HAVE_SYS_RESOURCE_H 1
| #define HAVE_TERM_H 1
| #define HAVE_NCURSES_H 1
| #define HAVE_CURSES_H 1
| #define HAVE_STROPTS_H 1
| #define HAVE_SYS_SELECT_H 1
| #define HAVE_SYS_IOCTL_H 1
| #define HAVE_EXECINFO_H 1
| #define HAVE_SPAWN_H 1
| #define HAVE_SYS_SYSCTL_H 1
| #define HAVE_LIBINTL_H 1
| #define SIZEOF_WCHAR_T 4
| #define WCHAR_T_BITS 32
| #define HAVE_STRUCT_STAT_ST_MTIM_TV_NSEC 1
| #define HAVE_DIRENT_H 1
| #define HAVE_STRUCT_DIRENT_D_TYPE 1
| #define HAVE_FUTIMES 1
| #define HAVE_LRAND48_R 1
| #define HAVE_KILLPG 1
| #define HAVE_BACKTRACE_SYMBOLS 1
| #define HAVE_GETIFADDRS 1
| #define HAVE_FUTIMENS 1
| #define HAVE_CLOCK_GETTIME 1
| #define HAVE_GETPWENT 1
| #define HAVE_FLOCK 1
| #define HAVE_DIRFD 1
| #define HAVE_MKOSTEMP 1
| #define HAVE_WCSDUP 1
| #define HAVE_WCSCASECMP 1
| /* end confdefs.h.  */
|  #include <wchar.h>
| int
| main ()
| {
|  int foo = std::wcscasecmp(L"", L"");
|   ;
|   return 0;
| }
configure:6866: result: no
configure:6872: checking for wcsncasecmp
configure:6885: g++ -std=c++11 -o conftest -g -O2 -fno-exceptions -Wextra   conftest.cpp -ldl -lncurses -lpthread -lrt  >&5
configure:6885: $? = 0
configure:6886: result: yes
configure:6899: checking for std::wcsncasecmp
configure:6912: g++ -std=c++11 -o conftest -g -O2 -fno-exceptions -Wextra   conftest.cpp -ldl -lncurses -lpthread -lrt  >&5
conftest.cpp: In function 'int main()':
conftest.cpp:67:12: error: 'wcsncasecmp' is not a member of 'std'
  int foo = std::wcsncasecmp(L"", L"", 0);
            ^
conftest.cpp:67:12: note: suggested alternative:
In file included from conftest.cpp:63:0:
/usr/include/wchar.h:175:12: note:   'wcsncasecmp'
 extern int wcsncasecmp (const wchar_t *__s1, const wchar_t *__s2,
            ^
configure:6912: $? = 1
configure: failed program was:
| /* confdefs.h */
| #define PACKAGE_NAME "fish"
| #define PACKAGE_TARNAME "fish"
| #define PACKAGE_VERSION "06a88e4-dirty"
| #define PACKAGE_STRING "fish 06a88e4-dirty"
| #define PACKAGE_BUGREPORT "fish-users@lists.sourceforge.net"
| #define PACKAGE_URL ""
| #define STDC_HEADERS 1
| #define HAVE_SYS_TYPES_H 1
| #define HAVE_SYS_STAT_H 1
| #define HAVE_STDLIB_H 1
| #define HAVE_STRING_H 1
| #define HAVE_MEMORY_H 1
| #define HAVE_STRINGS_H 1
| #define HAVE_INTTYPES_H 1
| #define HAVE_STDINT_H 1
| #define HAVE_UNISTD_H 1
| #define __EXTENSIONS__ 1
| #define _ALL_SOURCE 1
| #define _GNU_SOURCE 1
| #define _POSIX_PTHREAD_SEMANTICS 1
| #define _TANDEM_SOURCE 1
| #define HAVE_CXX11 1
| #define USE_GETTEXT 1
| #define _FILE_OFFSET_BITS 64
| #define HAVE__PROC_SELF_STAT 1
| #define NCURSES_NOMACROS 1
| #define NOMACROS 1
| #define HAVE_SHM_OPEN 1
| #define HAVE_GETOPT_H 1
| #define HAVE_TERMIOS_H 1
| #define HAVE_SYS_RESOURCE_H 1
| #define HAVE_TERM_H 1
| #define HAVE_NCURSES_H 1
| #define HAVE_CURSES_H 1
| #define HAVE_STROPTS_H 1
| #define HAVE_SYS_SELECT_H 1
| #define HAVE_SYS_IOCTL_H 1
| #define HAVE_EXECINFO_H 1
| #define HAVE_SPAWN_H 1
| #define HAVE_SYS_SYSCTL_H 1
| #define HAVE_LIBINTL_H 1
| #define SIZEOF_WCHAR_T 4
| #define WCHAR_T_BITS 32
| #define HAVE_STRUCT_STAT_ST_MTIM_TV_NSEC 1
| #define HAVE_DIRENT_H 1
| #define HAVE_STRUCT_DIRENT_D_TYPE 1
| #define HAVE_FUTIMES 1
| #define HAVE_LRAND48_R 1
| #define HAVE_KILLPG 1
| #define HAVE_BACKTRACE_SYMBOLS 1
| #define HAVE_GETIFADDRS 1
| #define HAVE_FUTIMENS 1
| #define HAVE_CLOCK_GETTIME 1
| #define HAVE_GETPWENT 1
| #define HAVE_FLOCK 1
| #define HAVE_DIRFD 1
| #define HAVE_MKOSTEMP 1
| #define HAVE_WCSDUP 1
| #define HAVE_WCSCASECMP 1
| #define HAVE_WCSNCASECMP 1
| /* end confdefs.h.  */
|  #include <wchar.h>
| int
| main ()
| {
|  int foo = std::wcsncasecmp(L"", L"", 0);
|   ;
|   return 0;
| }
configure:6920: result: no
configure:6930: checking for gettext
configure:6930: g++ -std=c++11 -o conftest -g -O2 -fno-exceptions -Wextra   conftest.cpp -ldl -lncurses -lpthread -lrt  >&5
configure:6930: $? = 0
configure:6930: result: yes
configure:6944: checking for gettext
configure:6944: result: yes
configure:6962: checking if struct winsize and TIOCGWINSZ exist
configure:6989: g++ -std=c++11 -o conftest -g -O2 -fno-exceptions -Wextra   conftest.cpp -ldl -lncurses -lpthread -lrt  >&5
conftest.cpp: In function 'int main()':
conftest.cpp:78:37: warning: missing initializer for member 'winsize::ws_col' [-Wmissing-field-initializers]
         struct winsize termsize = {0};
                                     ^
conftest.cpp:78:37: warning: missing initializer for member 'winsize::ws_xpixel' [-Wmissing-field-initializers]
conftest.cpp:78:37: warning: missing initializer for member 'winsize::ws_ypixel' [-Wmissing-field-initializers]
configure:6989: $? = 0
configure:6991: result: yes
configure:7009: checking for _nl_msg_cat_cntr symbol
configure:7031: g++ -std=c++11 -o conftest -g -O2 -fno-exceptions -Wextra   conftest.cpp -ldl -lncurses -lpthread -lrt  >&5
configure:7031: $? = 0
configure:7040: result: yes
configure:7052: checking for sys_errlist array
configure:7070: g++ -std=c++11 -o conftest -g -O2 -fno-exceptions -Wextra   conftest.cpp -ldl -lncurses -lpthread -lrt  >&5
configure:7070: $? = 0
configure:7079: result: yes
configure:7090: checking for _sys_errs array
configure:7110: g++ -std=c++11 -o conftest -g -O2 -fno-exceptions -Wextra   conftest.cpp -ldl -lncurses -lpthread -lrt  >&5
/tmp/cctDGIlc.o: In function `__exchange_and_add_single':
/usr/include/c++/4.9/ext/atomicity.h:68: undefined reference to `_sys_index'
/usr/include/c++/4.9/ext/atomicity.h:68: undefined reference to `_sys_errs'
collect2: error: ld returned 1 exit status
configure:7110: $? = 1
configure: failed program was:
| /* confdefs.h */
| #define PACKAGE_NAME "fish"
| #define PACKAGE_TARNAME "fish"
| #define PACKAGE_VERSION "06a88e4-dirty"
| #define PACKAGE_STRING "fish 06a88e4-dirty"
| #define PACKAGE_BUGREPORT "fish-users@lists.sourceforge.net"
| #define PACKAGE_URL ""
| #define STDC_HEADERS 1
| #define HAVE_SYS_TYPES_H 1
| #define HAVE_SYS_STAT_H 1
| #define HAVE_STDLIB_H 1
| #define HAVE_STRING_H 1
| #define HAVE_MEMORY_H 1
| #define HAVE_STRINGS_H 1
| #define HAVE_INTTYPES_H 1
| #define HAVE_STDINT_H 1
| #define HAVE_UNISTD_H 1
| #define __EXTENSIONS__ 1
| #define _ALL_SOURCE 1
| #define _GNU_SOURCE 1
| #define _POSIX_PTHREAD_SEMANTICS 1
| #define _TANDEM_SOURCE 1
| #define HAVE_CXX11 1
| #define USE_GETTEXT 1
| #define _FILE_OFFSET_BITS 64
| #define HAVE__PROC_SELF_STAT 1
| #define NCURSES_NOMACROS 1
| #define NOMACROS 1
| #define HAVE_SHM_OPEN 1
| #define HAVE_GETOPT_H 1
| #define HAVE_TERMIOS_H 1
| #define HAVE_SYS_RESOURCE_H 1
| #define HAVE_TERM_H 1
| #define HAVE_NCURSES_H 1
| #define HAVE_CURSES_H 1
| #define HAVE_STROPTS_H 1
| #define HAVE_SYS_SELECT_H 1
| #define HAVE_SYS_IOCTL_H 1
| #define HAVE_EXECINFO_H 1
| #define HAVE_SPAWN_H 1
| #define HAVE_SYS_SYSCTL_H 1
| #define HAVE_LIBINTL_H 1
| #define SIZEOF_WCHAR_T 4
| #define WCHAR_T_BITS 32
| #define HAVE_STRUCT_STAT_ST_MTIM_TV_NSEC 1
| #define HAVE_DIRENT_H 1
| #define HAVE_STRUCT_DIRENT_D_TYPE 1
| #define HAVE_FUTIMES 1
| #define HAVE_LRAND48_R 1
| #define HAVE_KILLPG 1
| #define HAVE_BACKTRACE_SYMBOLS 1
| #define HAVE_GETIFADDRS 1
| #define HAVE_FUTIMENS 1
| #define HAVE_CLOCK_GETTIME 1
| #define HAVE_GETPWENT 1
| #define HAVE_FLOCK 1
| #define HAVE_DIRFD 1
| #define HAVE_MKOSTEMP 1
| #define HAVE_WCSDUP 1
| #define HAVE_WCSCASECMP 1
| #define HAVE_WCSNCASECMP 1
| #define HAVE_GETTEXT 1
| #define HAVE_WINSIZE 1
| #define HAVE__NL_MSG_CAT_CNTR 1
| #define HAVE_SYS_ERRLIST 1
| /* end confdefs.h.  */
| 
|    #include <string>
| 
| int
| main ()
| {
| 
|     std::string p;
|     extern const char _sys_errs[];
|     extern const int _sys_index[];
|     p = _sys_errs[_sys_index[0]];
| 
|   ;
|   return 0;
| }
configure:7125: result: no
configure:7130: checking if we are using non varargs tparm.
configure:7162: g++ -std=c++11 -c -g -O2 -fno-exceptions -Wextra  conftest.cpp >&5
configure:7162: $? = 0
configure:7176: result: no
configure:7181: checking for threadsafe errno
configure:7215: g++ -std=c++11 -o conftest -g -O2 -fno-exceptions -Wextra   conftest.cpp -ldl -lncurses -lpthread -lrt  >&5
configure:7215: $? = 0
configure:7215: ./conftest
configure:7215: $? = 0
configure:7216: result: yes
configure:7251: checking for pcre2-config
configure:7281: result: no
configure:7416: using included PCRE2 library
configure:7582: creating ./config.status

## ---------------------- ##
## Running config.status. ##
## ---------------------- ##

This file was extended by fish config.status 06a88e4-dirty, which was
generated by GNU Autoconf 2.69.  Invocation command line was

  CONFIG_FILES    = 
  CONFIG_HEADERS  = 
  CONFIG_LINKS    = 
  CONFIG_COMMANDS = 
  $ ./config.status 

on pi3-gray

config.status:880: creating Makefile
config.status:880: creating config.h
configure:8820: === configuring in pcre2-10.21 (/home/pi/rpi_bins/fish-shell/pcre2-10.21)
configure:8883: running /bin/bash ./configure --disable-option-checking '--prefix=/usr/local'  '--disable-pcre2-8' '--enable-pcre2-32' '--disable-shared' --cache-file=/dev/null --srcdir=.

## ---------------- ##
## Cache variables. ##
## ---------------- ##

ac_cv_build=armv7l-unknown-linux-gnueabihf
ac_cv_c_compiler_gnu=yes
ac_cv_cxx_compiler_gnu=yes
ac_cv_env_CCC_set=
ac_cv_env_CCC_value=
ac_cv_env_CC_set=
ac_cv_env_CC_value=
ac_cv_env_CFLAGS_set=
ac_cv_env_CFLAGS_value=
ac_cv_env_CPPFLAGS_set=
ac_cv_env_CPPFLAGS_value=
ac_cv_env_CXXCPP_set=
ac_cv_env_CXXCPP_value=
ac_cv_env_CXXFLAGS_set=
ac_cv_env_CXXFLAGS_value=
ac_cv_env_CXX_set=
ac_cv_env_CXX_value=
ac_cv_env_LDFLAGS_set=
ac_cv_env_LDFLAGS_value=
ac_cv_env_LIBS_set=
ac_cv_env_LIBS_value=
ac_cv_env_build_alias_set=
ac_cv_env_build_alias_value=
ac_cv_env_host_alias_set=
ac_cv_env_host_alias_value=
ac_cv_env_target_alias_set=
ac_cv_env_target_alias_value=
ac_cv_file__proc_self_stat=yes
ac_cv_func_backtrace_symbols=yes
ac_cv_func_clock_gettime=yes
ac_cv_func_dirfd=yes
ac_cv_func_flock=yes
ac_cv_func_futimens=yes
ac_cv_func_futimes=yes
ac_cv_func_getifaddrs=yes
ac_cv_func_getpwent=yes
ac_cv_func_gettext=yes
ac_cv_func_killpg=yes
ac_cv_func_lrand48_r=yes
ac_cv_func_mkostemp=yes
ac_cv_func_wcslcpy=no
ac_cv_func_wcsndup=no
ac_cv_have_decl_mkostemp=yes
ac_cv_header_curses_h=yes
ac_cv_header_dirent_dirent_h=yes
ac_cv_header_execinfo_h=yes
ac_cv_header_getopt_h=yes
ac_cv_header_inttypes_h=yes
ac_cv_header_libintl_h=yes
ac_cv_header_memory_h=yes
ac_cv_header_minix_config_h=no
ac_cv_header_ncurses_curses_h=no
ac_cv_header_ncurses_h=yes
ac_cv_header_ncurses_term_h=no
ac_cv_header_siginfo_h=no
ac_cv_header_spawn_h=yes
ac_cv_header_stdc=yes
ac_cv_header_stdint_h=yes
ac_cv_header_stdlib_h=yes
ac_cv_header_string_h=yes
ac_cv_header_strings_h=yes
ac_cv_header_stropts_h=yes
ac_cv_header_sys_ioctl_h=yes
ac_cv_header_sys_resource_h=yes
ac_cv_header_sys_select_h=yes
ac_cv_header_sys_stat_h=yes
ac_cv_header_sys_sysctl_h=yes
ac_cv_header_sys_types_h=yes
ac_cv_header_term_h=yes
ac_cv_header_termios_h=yes
ac_cv_header_unistd_h=yes
ac_cv_host=armv7l-unknown-linux-gnueabihf
ac_cv_member_struct_dirent_d_type=yes
ac_cv_member_struct_stat_st_ctime_nsec=no
ac_cv_member_struct_stat_st_mtim_tv_nsec=yes
ac_cv_member_struct_stat_st_mtimespec_tv_nsec=no
ac_cv_objext=o
ac_cv_path_EGREP='/bin/grep -E'
ac_cv_path_FGREP='/bin/grep -F'
ac_cv_path_GREP=/bin/grep
ac_cv_path_SED=/bin/sed
ac_cv_path_install='/usr/bin/install -c'
ac_cv_path_mkdir=/bin/mkdir
ac_cv_prog_AWK=mawk
ac_cv_prog_CXXCPP='g++ -E'
ac_cv_prog_ac_ct_CC=gcc
ac_cv_prog_ac_ct_CXX=g++
ac_cv_prog_cc_c89=
ac_cv_prog_cc_c99=-std=gnu99
ac_cv_prog_cc_g=yes
ac_cv_prog_cc_stdc=-std=gnu99
ac_cv_prog_cxx_g=yes
ac_cv_prog_found_msgfmt=msgfmt
ac_cv_safe_to_define___extensions__=yes
ac_cv_search_dladdr=-ldl
ac_cv_search_gettext='none required'
ac_cv_search_nanosleep='none required'
ac_cv_search_opendir='none required'
ac_cv_search_pthread_create=-lpthread
ac_cv_search_setupterm=-lncurses
ac_cv_search_shm_open=-lrt
ac_cv_sizeof_wchar_t=4
ac_cv_sys_file_offset_bits=64
ac_cv_sys_largefile_CC=no
ax_cv_cxx_compile_cxx11=no
ax_cv_cxx_compile_cxx11__std_cpp11=yes

## ----------------- ##
## Output variables. ##
## ----------------- ##

AWK='mawk'
CC='gcc -std=gnu99'
CFLAGS='-g -O2'
CPPFLAGS=''
CXX='g++ -std=c++11'
CXXCPP='g++ -E -std=c++11'
CXXFLAGS='-g -O2 -fno-exceptions -Wextra -I$(PCRE2_DIR)/src'
DEFS='-DHAVE_CONFIG_H'
ECHO_C=''
ECHO_N='-n'
ECHO_T=''
EGREP='/bin/grep -E'
EXEEXT=''
EXTRA_PCRE2='$(PCRE2_LIB)'
FGREP='/bin/grep -F'
GREP='/bin/grep'
HAVE_CXX11='1'
HAVE_DOXYGEN='0'
HAVE_GETTEXT='1'
INSTALL_DATA='${INSTALL} -m 644'
INSTALL_PROGRAM='${INSTALL}'
INSTALL_SCRIPT='${INSTALL}'
LDFLAGS=''
LDFLAGS_FISH=' -rdynamic'
LIBOBJS=''
LIBS='-ldl -lncurses -lpthread -lrt  -L$(PCRE2_LIBDIR) -lpcre2-$(PCRE2_WIDTH)'
LN_S='ln -s'
LTLIBOBJS=''
MKDIR_P='/bin/mkdir -p'
OBJEXT='o'
PACKAGE_BUGREPORT='fish-users@lists.sourceforge.net'
PACKAGE_NAME='fish'
PACKAGE_STRING='fish 06a88e4-dirty'
PACKAGE_TARNAME='fish'
PACKAGE_URL=''
PACKAGE_VERSION='06a88e4-dirty'
PATH_SEPARATOR=':'
PCRE2_CONFIG=''
SED='/bin/sed'
SHELL='/bin/bash'
WCHAR_T_BITS='32'
ac_ct_CC='gcc'
ac_ct_CXX='g++'
bindir='${exec_prefix}/bin'
build='armv7l-unknown-linux-gnueabihf'
build_alias=''
build_cpu='armv7l'
build_os='linux-gnueabihf'
build_vendor='unknown'
datadir='${datarootdir}'
datarootdir='${prefix}/share'
docdir='${datarootdir}/doc/${PACKAGE_TARNAME}'
dvidir='${docdir}'
exec_prefix='${prefix}'
extra_completionsdir='${datadir}/fish/vendor_completions.d'
extra_confdir='${datadir}/fish/vendor_conf.d'
extra_functionsdir='${datadir}/fish/vendor_functions.d'
found_doxygen='no'
found_msgfmt='msgfmt'
host='armv7l-unknown-linux-gnueabihf'
host_alias=''
host_cpu='armv7l'
host_os='linux-gnueabihf'
host_vendor='unknown'
htmldir='${docdir}'
includedir='${prefix}/include'
infodir='${datarootdir}/info'
libdir='${exec_prefix}/lib'
libexecdir='${exec_prefix}/libexec'
localedir='${datarootdir}/locale'
localstatedir='${prefix}/var'
mandir='${datarootdir}/man'
oldincludedir='/usr/include'
pdfdir='${docdir}'
prefix='/usr/local'
program_transform_name='s,x,x,'
psdir='${docdir}'
sbindir='${exec_prefix}/sbin'
sharedstatedir='${prefix}/com'
subdirs=' pcre2-10.21'
sysconfdir='${prefix}/etc'
target_alias=''

## ----------- ##
## confdefs.h. ##
## ----------- ##

/* confdefs.h */
#define PACKAGE_NAME "fish"
#define PACKAGE_TARNAME "fish"
#define PACKAGE_VERSION "06a88e4-dirty"
#define PACKAGE_STRING "fish 06a88e4-dirty"
#define PACKAGE_BUGREPORT "fish-users@lists.sourceforge.net"
#define PACKAGE_URL ""
#define STDC_HEADERS 1
#define HAVE_SYS_TYPES_H 1
#define HAVE_SYS_STAT_H 1
#define HAVE_STDLIB_H 1
#define HAVE_STRING_H 1
#define HAVE_MEMORY_H 1
#define HAVE_STRINGS_H 1
#define HAVE_INTTYPES_H 1
#define HAVE_STDINT_H 1
#define HAVE_UNISTD_H 1
#define __EXTENSIONS__ 1
#define _ALL_SOURCE 1
#define _GNU_SOURCE 1
#define _POSIX_PTHREAD_SEMANTICS 1
#define _TANDEM_SOURCE 1
#define HAVE_CXX11 1
#define USE_GETTEXT 1
#define _FILE_OFFSET_BITS 64
#define HAVE__PROC_SELF_STAT 1
#define NCURSES_NOMACROS 1
#define NOMACROS 1
#define HAVE_SHM_OPEN 1
#define HAVE_GETOPT_H 1
#define HAVE_TERMIOS_H 1
#define HAVE_SYS_RESOURCE_H 1
#define HAVE_TERM_H 1
#define HAVE_NCURSES_H 1
#define HAVE_CURSES_H 1
#define HAVE_STROPTS_H 1
#define HAVE_SYS_SELECT_H 1
#define HAVE_SYS_IOCTL_H 1
#define HAVE_EXECINFO_H 1
#define HAVE_SPAWN_H 1
#define HAVE_SYS_SYSCTL_H 1
#define HAVE_LIBINTL_H 1
#define SIZEOF_WCHAR_T 4
#define WCHAR_T_BITS 32
#define HAVE_STRUCT_STAT_ST_MTIM_TV_NSEC 1
#define HAVE_DIRENT_H 1
#define HAVE_STRUCT_DIRENT_D_TYPE 1
#define HAVE_FUTIMES 1
#define HAVE_LRAND48_R 1
#define HAVE_KILLPG 1
#define HAVE_BACKTRACE_SYMBOLS 1
#define HAVE_GETIFADDRS 1
#define HAVE_FUTIMENS 1
#define HAVE_CLOCK_GETTIME 1
#define HAVE_GETPWENT 1
#define HAVE_FLOCK 1
#define HAVE_DIRFD 1
#define HAVE_MKOSTEMP 1
#define HAVE_WCSDUP 1
#define HAVE_WCSCASECMP 1
#define HAVE_WCSNCASECMP 1
#define HAVE_GETTEXT 1
#define HAVE_WINSIZE 1
#define HAVE__NL_MSG_CAT_CNTR 1
#define HAVE_SYS_ERRLIST 1

configure: exit 0
